{"E:\\SLIIT\\3rd_Year\\1st Semester\\AF\\project-shaniranasinghe\\index.js": {"path":"E:\\SLIIT\\3rd_Year\\1st Semester\\AF\\project-shaniranasinghe\\index.js","statementMap":{"0":{"start":{"line":16,"column":0},"end":{"line":16,"column":16}},"1":{"start":{"line":18,"column":12},"end":{"line":18,"column":21}},"2":{"start":{"line":19,"column":0},"end":{"line":19,"column":27}},"3":{"start":{"line":21,"column":13},"end":{"line":21,"column":37}},"4":{"start":{"line":22,"column":17},"end":{"line":22,"column":38}},"5":{"start":{"line":25,"column":0},"end":{"line":27,"column":1}},"6":{"start":{"line":26,"column":2},"end":{"line":26,"column":22}},"7":{"start":{"line":30,"column":0},"end":{"line":30,"column":33}},"8":{"start":{"line":31,"column":0},"end":{"line":31,"column":29}},"9":{"start":{"line":32,"column":0},"end":{"line":32,"column":48}},"10":{"start":{"line":33,"column":0},"end":{"line":33,"column":38}},"11":{"start":{"line":34,"column":0},"end":{"line":34,"column":38}},"12":{"start":{"line":35,"column":0},"end":{"line":35,"column":34}},"13":{"start":{"line":36,"column":0},"end":{"line":36,"column":43}},"14":{"start":{"line":37,"column":0},"end":{"line":37,"column":50}},"15":{"start":{"line":38,"column":0},"end":{"line":38,"column":53}},"16":{"start":{"line":41,"column":0},"end":{"line":45,"column":1}},"17":{"start":{"line":42,"column":2},"end":{"line":44,"column":5}},"18":{"start":{"line":43,"column":6},"end":{"line":43,"column":55}}},"fnMap":{"0":{"name":"(anonymous_0)","decl":{"start":{"line":42,"column":19},"end":{"line":42,"column":20}},"loc":{"start":{"line":42,"column":25},"end":{"line":44,"column":3}},"line":42}},"branchMap":{"0":{"loc":{"start":{"line":21,"column":13},"end":{"line":21,"column":37}},"type":"binary-expr","locations":[{"start":{"line":21,"column":13},"end":{"line":21,"column":29}},{"start":{"line":21,"column":33},"end":{"line":21,"column":37}}],"line":21},"1":{"loc":{"start":{"line":25,"column":0},"end":{"line":27,"column":1}},"type":"if","locations":[{"start":{"line":25,"column":0},"end":{"line":27,"column":1}},{"start":{},"end":{}}],"line":25},"2":{"loc":{"start":{"line":41,"column":0},"end":{"line":45,"column":1}},"type":"if","locations":[{"start":{"line":41,"column":0},"end":{"line":45,"column":1}},{"start":{},"end":{}}],"line":41}},"s":{"0":12,"1":12,"2":12,"3":12,"4":12,"5":12,"6":0,"7":12,"8":12,"9":12,"10":12,"11":12,"12":12,"13":12,"14":12,"15":12,"16":12,"17":0,"18":0},"f":{"0":0},"b":{"0":[12,0],"1":[0,12],"2":[0,12]},"_coverageSchema":"1a1c01bbd47fc00a2c39e90264f33305004495a9","hash":"93dd47b105334e83e217632129f9d93cd46d968e"}
,"E:\\SLIIT\\3rd_Year\\1st Semester\\AF\\project-shaniranasinghe\\config\\db.js": {"path":"E:\\SLIIT\\3rd_Year\\1st Semester\\AF\\project-shaniranasinghe\\config\\db.js","statementMap":{"0":{"start":{"line":3,"column":18},"end":{"line":11,"column":1}},"1":{"start":{"line":4,"column":2},"end":{"line":10,"column":3}},"2":{"start":{"line":5,"column":4},"end":{"line":5,"column":37}},"3":{"start":{"line":6,"column":4},"end":{"line":6,"column":52}},"4":{"start":{"line":8,"column":4},"end":{"line":8,"column":63}},"5":{"start":{"line":9,"column":4},"end":{"line":9,"column":20}}},"fnMap":{"0":{"name":"(anonymous_0)","decl":{"start":{"line":3,"column":18},"end":{"line":3,"column":19}},"loc":{"start":{"line":3,"column":38},"end":{"line":11,"column":1}},"line":3}},"branchMap":{},"s":{"0":12,"1":0,"2":0,"3":0,"4":0,"5":0},"f":{"0":0},"b":{},"_coverageSchema":"1a1c01bbd47fc00a2c39e90264f33305004495a9","hash":"7d72647ee8e0c4abf71ae8afb9332b63ea04163f"}
,"E:\\SLIIT\\3rd_Year\\1st Semester\\AF\\project-shaniranasinghe\\controller\\authController.js": {"path":"E:\\SLIIT\\3rd_Year\\1st Semester\\AF\\project-shaniranasinghe\\controller\\authController.js","statementMap":{"0":{"start":{"line":6,"column":24},"end":{"line":26,"column":1}},"1":{"start":{"line":7,"column":2},"end":{"line":25,"column":3}},"2":{"start":{"line":8,"column":42},"end":{"line":8,"column":50}},"3":{"start":{"line":10,"column":25},"end":{"line":10,"column":54}},"4":{"start":{"line":11,"column":4},"end":{"line":11,"column":84}},"5":{"start":{"line":11,"column":22},"end":{"line":11,"column":84}},"6":{"start":{"line":13,"column":27},"end":{"line":13,"column":58}},"7":{"start":{"line":14,"column":17},"end":{"line":14,"column":91}},"8":{"start":{"line":16,"column":4},"end":{"line":16,"column":22}},"9":{"start":{"line":18,"column":18},"end":{"line":18,"column":93}},"10":{"start":{"line":19,"column":28},"end":{"line":19,"column":88}},"11":{"start":{"line":21,"column":4},"end":{"line":21,"column":124}},"12":{"start":{"line":22,"column":4},"end":{"line":22,"column":84}},"13":{"start":{"line":24,"column":4},"end":{"line":24,"column":81}},"14":{"start":{"line":28,"column":27},"end":{"line":43,"column":1}},"15":{"start":{"line":29,"column":2},"end":{"line":42,"column":3}},"16":{"start":{"line":30,"column":22},"end":{"line":30,"column":31}},"17":{"start":{"line":31,"column":20},"end":{"line":31,"column":61}},"18":{"start":{"line":33,"column":17},"end":{"line":33,"column":52}},"19":{"start":{"line":34,"column":4},"end":{"line":34,"column":72}},"20":{"start":{"line":34,"column":15},"end":{"line":34,"column":72}},"21":{"start":{"line":36,"column":4},"end":{"line":36,"column":27}},"22":{"start":{"line":37,"column":4},"end":{"line":37,"column":22}},"23":{"start":{"line":39,"column":4},"end":{"line":39,"column":70}},"24":{"start":{"line":41,"column":4},"end":{"line":41,"column":64}},"25":{"start":{"line":45,"column":21},"end":{"line":62,"column":1}},"26":{"start":{"line":46,"column":2},"end":{"line":61,"column":3}},"27":{"start":{"line":47,"column":32},"end":{"line":47,"column":40}},"28":{"start":{"line":49,"column":17},"end":{"line":49,"column":46}},"29":{"start":{"line":50,"column":4},"end":{"line":50,"column":72}},"30":{"start":{"line":50,"column":15},"end":{"line":50,"column":72}},"31":{"start":{"line":52,"column":28},"end":{"line":52,"column":73}},"32":{"start":{"line":53,"column":4},"end":{"line":53,"column":88}},"33":{"start":{"line":53,"column":26},"end":{"line":53,"column":88}},"34":{"start":{"line":55,"column":4},"end":{"line":55,"column":87}},"35":{"start":{"line":55,"column":26},"end":{"line":55,"column":87}},"36":{"start":{"line":57,"column":18},"end":{"line":57,"column":111}},"37":{"start":{"line":58,"column":4},"end":{"line":58,"column":54}},"38":{"start":{"line":60,"column":4},"end":{"line":60,"column":78}}},"fnMap":{"0":{"name":"(anonymous_0)","decl":{"start":{"line":6,"column":24},"end":{"line":6,"column":25}},"loc":{"start":{"line":6,"column":44},"end":{"line":26,"column":1}},"line":6},"1":{"name":"(anonymous_1)","decl":{"start":{"line":28,"column":27},"end":{"line":28,"column":28}},"loc":{"start":{"line":28,"column":47},"end":{"line":43,"column":1}},"line":28},"2":{"name":"(anonymous_2)","decl":{"start":{"line":45,"column":21},"end":{"line":45,"column":22}},"loc":{"start":{"line":45,"column":41},"end":{"line":62,"column":1}},"line":45}},"branchMap":{"0":{"loc":{"start":{"line":11,"column":4},"end":{"line":11,"column":84}},"type":"if","locations":[{"start":{"line":11,"column":4},"end":{"line":11,"column":84}},{"start":{},"end":{}}],"line":11},"1":{"loc":{"start":{"line":34,"column":4},"end":{"line":34,"column":72}},"type":"if","locations":[{"start":{"line":34,"column":4},"end":{"line":34,"column":72}},{"start":{},"end":{}}],"line":34},"2":{"loc":{"start":{"line":50,"column":4},"end":{"line":50,"column":72}},"type":"if","locations":[{"start":{"line":50,"column":4},"end":{"line":50,"column":72}},{"start":{},"end":{}}],"line":50},"3":{"loc":{"start":{"line":53,"column":4},"end":{"line":53,"column":88}},"type":"if","locations":[{"start":{"line":53,"column":4},"end":{"line":53,"column":88}},{"start":{},"end":{}}],"line":53},"4":{"loc":{"start":{"line":55,"column":4},"end":{"line":55,"column":87}},"type":"if","locations":[{"start":{"line":55,"column":4},"end":{"line":55,"column":87}},{"start":{},"end":{}}],"line":55}},"s":{"0":12,"1":1,"2":1,"3":1,"4":1,"5":0,"6":1,"7":1,"8":1,"9":1,"10":1,"11":1,"12":1,"13":0,"14":12,"15":0,"16":0,"17":0,"18":0,"19":0,"20":0,"21":0,"22":0,"23":0,"24":0,"25":12,"26":0,"27":0,"28":0,"29":0,"30":0,"31":0,"32":0,"33":0,"34":0,"35":0,"36":0,"37":0,"38":0},"f":{"0":1,"1":0,"2":0},"b":{"0":[0,1],"1":[0,0],"2":[0,0],"3":[0,0],"4":[0,0]},"_coverageSchema":"1a1c01bbd47fc00a2c39e90264f33305004495a9","hash":"836d3069347706559b8687cb4ebfca021ea0705c"}
,"E:\\SLIIT\\3rd_Year\\1st Semester\\AF\\project-shaniranasinghe\\controller\\budgetController.js": {"path":"E:\\SLIIT\\3rd_Year\\1st Semester\\AF\\project-shaniranasinghe\\controller\\budgetController.js","statementMap":{"0":{"start":{"line":5,"column":25},"end":{"line":40,"column":1}},"1":{"start":{"line":6,"column":2},"end":{"line":39,"column":3}},"2":{"start":{"line":7,"column":50},"end":{"line":7,"column":58}},"3":{"start":{"line":10,"column":21},"end":{"line":10,"column":51}},"4":{"start":{"line":11,"column":4},"end":{"line":13,"column":5}},"5":{"start":{"line":12,"column":6},"end":{"line":12,"column":81}},"6":{"start":{"line":16,"column":4},"end":{"line":18,"column":5}},"7":{"start":{"line":17,"column":6},"end":{"line":17,"column":122}},"8":{"start":{"line":21,"column":18},"end":{"line":21,"column":47}},"9":{"start":{"line":22,"column":4},"end":{"line":24,"column":5}},"10":{"start":{"line":23,"column":6},"end":{"line":23,"column":125}},"11":{"start":{"line":26,"column":22},"end":{"line":32,"column":6}},"12":{"start":{"line":34,"column":24},"end":{"line":34,"column":46}},"13":{"start":{"line":36,"column":4},"end":{"line":36,"column":90}},"14":{"start":{"line":38,"column":4},"end":{"line":38,"column":85}},"15":{"start":{"line":43,"column":26},"end":{"line":69,"column":1}},"16":{"start":{"line":44,"column":26},"end":{"line":44,"column":68}},"17":{"start":{"line":45,"column":24},"end":{"line":45,"column":26}},"18":{"start":{"line":47,"column":2},"end":{"line":68,"column":3}},"19":{"start":{"line":48,"column":4},"end":{"line":48,"column":95}},"20":{"start":{"line":49,"column":4},"end":{"line":53,"column":6}},"21":{"start":{"line":54,"column":9},"end":{"line":68,"column":3}},"22":{"start":{"line":55,"column":4},"end":{"line":55,"column":77}},"23":{"start":{"line":56,"column":4},"end":{"line":60,"column":6}},"24":{"start":{"line":62,"column":4},"end":{"line":62,"column":77}},"25":{"start":{"line":63,"column":4},"end":{"line":67,"column":6}},"26":{"start":{"line":71,"column":34},"end":{"line":88,"column":1}},"27":{"start":{"line":72,"column":2},"end":{"line":87,"column":3}},"28":{"start":{"line":73,"column":20},"end":{"line":73,"column":63}},"29":{"start":{"line":75,"column":28},"end":{"line":82,"column":6}},"30":{"start":{"line":76,"column":27},"end":{"line":76,"column":45}},"31":{"start":{"line":77,"column":6},"end":{"line":81,"column":8}},"32":{"start":{"line":84,"column":4},"end":{"line":84,"column":30}},"33":{"start":{"line":86,"column":4},"end":{"line":86,"column":73}},"34":{"start":{"line":91,"column":26},"end":{"line":118,"column":1}},"35":{"start":{"line":92,"column":2},"end":{"line":117,"column":3}},"36":{"start":{"line":93,"column":19},"end":{"line":93,"column":31}},"37":{"start":{"line":94,"column":20},"end":{"line":94,"column":49}},"38":{"start":{"line":96,"column":40},"end":{"line":112,"column":5}},"39":{"start":{"line":98,"column":29},"end":{"line":98,"column":44}},"40":{"start":{"line":99,"column":27},"end":{"line":99,"column":32}},"41":{"start":{"line":101,"column":32},"end":{"line":101,"column":94}},"42":{"start":{"line":102,"column":37},"end":{"line":102,"column":104}},"43":{"start":{"line":104,"column":8},"end":{"line":110,"column":10}},"44":{"start":{"line":114,"column":4},"end":{"line":114,"column":54}},"45":{"start":{"line":116,"column":4},"end":{"line":116,"column":85}},"46":{"start":{"line":120,"column":27},"end":{"line":134,"column":1}},"47":{"start":{"line":121,"column":2},"end":{"line":133,"column":3}},"48":{"start":{"line":122,"column":38},"end":{"line":122,"column":46}},"49":{"start":{"line":124,"column":19},"end":{"line":124,"column":75}},"50":{"start":{"line":125,"column":4},"end":{"line":125,"column":78}},"51":{"start":{"line":125,"column":17},"end":{"line":125,"column":78}},"52":{"start":{"line":127,"column":4},"end":{"line":127,"column":38}},"53":{"start":{"line":128,"column":4},"end":{"line":128,"column":24}},"54":{"start":{"line":130,"column":4},"end":{"line":130,"column":70}},"55":{"start":{"line":132,"column":4},"end":{"line":132,"column":91}},"56":{"start":{"line":136,"column":28},"end":{"line":153,"column":1}},"57":{"start":{"line":137,"column":2},"end":{"line":152,"column":3}},"58":{"start":{"line":138,"column":50},"end":{"line":138,"column":58}},"59":{"start":{"line":139,"column":21},"end":{"line":139,"column":34}},"60":{"start":{"line":141,"column":26},"end":{"line":145,"column":5}},"61":{"start":{"line":147,"column":4},"end":{"line":147,"column":85}},"62":{"start":{"line":147,"column":24},"end":{"line":147,"column":85}},"63":{"start":{"line":149,"column":4},"end":{"line":149,"column":40}},"64":{"start":{"line":151,"column":4},"end":{"line":151,"column":85}},"65":{"start":{"line":156,"column":28},"end":{"line":168,"column":1}},"66":{"start":{"line":157,"column":2},"end":{"line":167,"column":3}},"67":{"start":{"line":158,"column":21},"end":{"line":158,"column":34}},"68":{"start":{"line":160,"column":26},"end":{"line":160,"column":66}},"69":{"start":{"line":162,"column":4},"end":{"line":162,"column":85}},"70":{"start":{"line":162,"column":24},"end":{"line":162,"column":85}},"71":{"start":{"line":164,"column":4},"end":{"line":164,"column":69}},"72":{"start":{"line":166,"column":4},"end":{"line":166,"column":85}},"73":{"start":{"line":171,"column":33},"end":{"line":179,"column":1}},"74":{"start":{"line":172,"column":2},"end":{"line":178,"column":3}},"75":{"start":{"line":173,"column":4},"end":{"line":173,"column":29}},"76":{"start":{"line":174,"column":9},"end":{"line":178,"column":3}},"77":{"start":{"line":175,"column":4},"end":{"line":175,"column":34}},"78":{"start":{"line":177,"column":4},"end":{"line":177,"column":26}}},"fnMap":{"0":{"name":"(anonymous_0)","decl":{"start":{"line":5,"column":25},"end":{"line":5,"column":26}},"loc":{"start":{"line":5,"column":45},"end":{"line":40,"column":1}},"line":5},"1":{"name":"(anonymous_1)","decl":{"start":{"line":43,"column":26},"end":{"line":43,"column":27}},"loc":{"start":{"line":43,"column":38},"end":{"line":69,"column":1}},"line":43},"2":{"name":"(anonymous_2)","decl":{"start":{"line":71,"column":34},"end":{"line":71,"column":35}},"loc":{"start":{"line":71,"column":54},"end":{"line":88,"column":1}},"line":71},"3":{"name":"(anonymous_3)","decl":{"start":{"line":75,"column":40},"end":{"line":75,"column":41}},"loc":{"start":{"line":75,"column":52},"end":{"line":82,"column":5}},"line":75},"4":{"name":"(anonymous_4)","decl":{"start":{"line":91,"column":26},"end":{"line":91,"column":27}},"loc":{"start":{"line":91,"column":46},"end":{"line":118,"column":1}},"line":91},"5":{"name":"(anonymous_5)","decl":{"start":{"line":97,"column":18},"end":{"line":97,"column":19}},"loc":{"start":{"line":97,"column":36},"end":{"line":111,"column":7}},"line":97},"6":{"name":"(anonymous_6)","decl":{"start":{"line":120,"column":27},"end":{"line":120,"column":28}},"loc":{"start":{"line":120,"column":47},"end":{"line":134,"column":1}},"line":120},"7":{"name":"(anonymous_7)","decl":{"start":{"line":136,"column":28},"end":{"line":136,"column":29}},"loc":{"start":{"line":136,"column":48},"end":{"line":153,"column":1}},"line":136},"8":{"name":"(anonymous_8)","decl":{"start":{"line":156,"column":28},"end":{"line":156,"column":29}},"loc":{"start":{"line":156,"column":48},"end":{"line":168,"column":1}},"line":156},"9":{"name":"(anonymous_9)","decl":{"start":{"line":171,"column":33},"end":{"line":171,"column":34}},"loc":{"start":{"line":171,"column":45},"end":{"line":179,"column":1}},"line":171}},"branchMap":{"0":{"loc":{"start":{"line":11,"column":4},"end":{"line":13,"column":5}},"type":"if","locations":[{"start":{"line":11,"column":4},"end":{"line":13,"column":5}},{"start":{},"end":{}}],"line":11},"1":{"loc":{"start":{"line":16,"column":4},"end":{"line":18,"column":5}},"type":"if","locations":[{"start":{"line":16,"column":4},"end":{"line":18,"column":5}},{"start":{},"end":{}}],"line":16},"2":{"loc":{"start":{"line":22,"column":4},"end":{"line":24,"column":5}},"type":"if","locations":[{"start":{"line":22,"column":4},"end":{"line":24,"column":5}},{"start":{},"end":{}}],"line":22},"3":{"loc":{"start":{"line":22,"column":8},"end":{"line":22,"column":31}},"type":"binary-expr","locations":[{"start":{"line":22,"column":8},"end":{"line":22,"column":13}},{"start":{"line":22,"column":17},"end":{"line":22,"column":31}}],"line":22},"4":{"loc":{"start":{"line":31,"column":16},"end":{"line":31,"column":33}},"type":"binary-expr","locations":[{"start":{"line":31,"column":16},"end":{"line":31,"column":24}},{"start":{"line":31,"column":28},"end":{"line":31,"column":33}}],"line":31},"5":{"loc":{"start":{"line":47,"column":2},"end":{"line":68,"column":3}},"type":"if","locations":[{"start":{"line":47,"column":2},"end":{"line":68,"column":3}},{"start":{"line":54,"column":9},"end":{"line":68,"column":3}}],"line":47},"6":{"loc":{"start":{"line":54,"column":9},"end":{"line":68,"column":3}},"type":"if","locations":[{"start":{"line":54,"column":9},"end":{"line":68,"column":3}},{"start":{"line":61,"column":9},"end":{"line":68,"column":3}}],"line":54},"7":{"loc":{"start":{"line":125,"column":4},"end":{"line":125,"column":78}},"type":"if","locations":[{"start":{"line":125,"column":4},"end":{"line":125,"column":78}},{"start":{},"end":{}}],"line":125},"8":{"loc":{"start":{"line":147,"column":4},"end":{"line":147,"column":85}},"type":"if","locations":[{"start":{"line":147,"column":4},"end":{"line":147,"column":85}},{"start":{},"end":{}}],"line":147},"9":{"loc":{"start":{"line":162,"column":4},"end":{"line":162,"column":85}},"type":"if","locations":[{"start":{"line":162,"column":4},"end":{"line":162,"column":85}},{"start":{},"end":{}}],"line":162},"10":{"loc":{"start":{"line":172,"column":2},"end":{"line":178,"column":3}},"type":"if","locations":[{"start":{"line":172,"column":2},"end":{"line":178,"column":3}},{"start":{"line":174,"column":9},"end":{"line":178,"column":3}}],"line":172},"11":{"loc":{"start":{"line":174,"column":9},"end":{"line":178,"column":3}},"type":"if","locations":[{"start":{"line":174,"column":9},"end":{"line":178,"column":3}},{"start":{"line":176,"column":9},"end":{"line":178,"column":3}}],"line":174}},"s":{"0":12,"1":0,"2":0,"3":0,"4":0,"5":0,"6":0,"7":0,"8":0,"9":0,"10":0,"11":0,"12":0,"13":0,"14":0,"15":12,"16":0,"17":0,"18":0,"19":0,"20":0,"21":0,"22":0,"23":0,"24":0,"25":0,"26":12,"27":0,"28":0,"29":0,"30":0,"31":0,"32":0,"33":0,"34":12,"35":1,"36":1,"37":1,"38":1,"39":0,"40":0,"41":0,"42":0,"43":0,"44":1,"45":0,"46":12,"47":0,"48":0,"49":0,"50":0,"51":0,"52":0,"53":0,"54":0,"55":0,"56":12,"57":0,"58":0,"59":0,"60":0,"61":0,"62":0,"63":0,"64":0,"65":12,"66":0,"67":0,"68":0,"69":0,"70":0,"71":0,"72":0,"73":12,"74":0,"75":0,"76":0,"77":0,"78":0},"f":{"0":0,"1":0,"2":0,"3":0,"4":1,"5":0,"6":0,"7":0,"8":0,"9":0},"b":{"0":[0,0],"1":[0,0],"2":[0,0],"3":[0,0],"4":[0,0],"5":[0,0],"6":[0,0],"7":[0,0],"8":[0,0],"9":[0,0],"10":[0,0],"11":[0,0]},"_coverageSchema":"1a1c01bbd47fc00a2c39e90264f33305004495a9","hash":"0f50259045bf9a1df4a8e667f158fa413aee2238"}
,"E:\\SLIIT\\3rd_Year\\1st Semester\\AF\\project-shaniranasinghe\\controller\\currencyController.js": {"path":"E:\\SLIIT\\3rd_Year\\1st Semester\\AF\\project-shaniranasinghe\\controller\\currencyController.js","statementMap":{"0":{"start":{"line":3,"column":26},"end":{"line":3,"column":71}},"1":{"start":{"line":5,"column":32},"end":{"line":13,"column":3}},"2":{"start":{"line":6,"column":4},"end":{"line":12,"column":5}},"3":{"start":{"line":7,"column":21},"end":{"line":7,"column":54}},"4":{"start":{"line":8,"column":23},"end":{"line":8,"column":88}},"5":{"start":{"line":9,"column":6},"end":{"line":9,"column":42}},"6":{"start":{"line":11,"column":6},"end":{"line":11,"column":72}}},"fnMap":{"0":{"name":"(anonymous_0)","decl":{"start":{"line":5,"column":32},"end":{"line":5,"column":33}},"loc":{"start":{"line":5,"column":52},"end":{"line":13,"column":3}},"line":5}},"branchMap":{},"s":{"0":12,"1":12,"2":1,"3":1,"4":1,"5":1,"6":0},"f":{"0":1},"b":{},"_coverageSchema":"1a1c01bbd47fc00a2c39e90264f33305004495a9","hash":"d93633ba5eaca5d4478dd4ef3c79330d63743003"}
,"E:\\SLIIT\\3rd_Year\\1st Semester\\AF\\project-shaniranasinghe\\controller\\dashboardController.js": {"path":"E:\\SLIIT\\3rd_Year\\1st Semester\\AF\\project-shaniranasinghe\\controller\\dashboardController.js","statementMap":{"0":{"start":{"line":7,"column":33},"end":{"line":25,"column":1}},"1":{"start":{"line":8,"column":2},"end":{"line":24,"column":3}},"2":{"start":{"line":10,"column":22},"end":{"line":10,"column":49}},"3":{"start":{"line":13,"column":29},"end":{"line":15,"column":6}},"4":{"start":{"line":18,"column":4},"end":{"line":21,"column":7}},"5":{"start":{"line":23,"column":4},"end":{"line":23,"column":100}},"6":{"start":{"line":28,"column":32},"end":{"line":53,"column":1}},"7":{"start":{"line":29,"column":2},"end":{"line":52,"column":3}},"8":{"start":{"line":30,"column":19},"end":{"line":30,"column":31}},"9":{"start":{"line":33,"column":31},"end":{"line":36,"column":6}},"10":{"start":{"line":39,"column":20},"end":{"line":39,"column":49}},"11":{"start":{"line":42,"column":18},"end":{"line":42,"column":45}},"12":{"start":{"line":45,"column":4},"end":{"line":49,"column":7}},"13":{"start":{"line":51,"column":4},"end":{"line":51,"column":99}}},"fnMap":{"0":{"name":"(anonymous_0)","decl":{"start":{"line":7,"column":33},"end":{"line":7,"column":34}},"loc":{"start":{"line":7,"column":53},"end":{"line":25,"column":1}},"line":7},"1":{"name":"(anonymous_1)","decl":{"start":{"line":28,"column":32},"end":{"line":28,"column":33}},"loc":{"start":{"line":28,"column":52},"end":{"line":53,"column":1}},"line":28}},"branchMap":{},"s":{"0":12,"1":0,"2":0,"3":0,"4":0,"5":0,"6":12,"7":1,"8":1,"9":1,"10":1,"11":1,"12":1,"13":0},"f":{"0":0,"1":1},"b":{},"_coverageSchema":"1a1c01bbd47fc00a2c39e90264f33305004495a9","hash":"afb729288f12c097a782bc7de2a108c1bbde5105"}
,"E:\\SLIIT\\3rd_Year\\1st Semester\\AF\\project-shaniranasinghe\\controller\\goalController.js": {"path":"E:\\SLIIT\\3rd_Year\\1st Semester\\AF\\project-shaniranasinghe\\controller\\goalController.js","statementMap":{"0":{"start":{"line":5,"column":26},"end":{"line":33,"column":1}},"1":{"start":{"line":6,"column":4},"end":{"line":32,"column":5}},"2":{"start":{"line":7,"column":60},"end":{"line":7,"column":68}},"3":{"start":{"line":9,"column":29},"end":{"line":9,"column":34}},"4":{"start":{"line":10,"column":30},"end":{"line":10,"column":34}},"5":{"start":{"line":12,"column":8},"end":{"line":14,"column":9}},"6":{"start":{"line":13,"column":12},"end":{"line":13,"column":78}},"7":{"start":{"line":16,"column":8},"end":{"line":18,"column":9}},"8":{"start":{"line":17,"column":12},"end":{"line":17,"column":90}},"9":{"start":{"line":20,"column":24},"end":{"line":26,"column":10}},"10":{"start":{"line":27,"column":8},"end":{"line":27,"column":29}},"11":{"start":{"line":28,"column":8},"end":{"line":28,"column":38}},"12":{"start":{"line":30,"column":8},"end":{"line":30,"column":61}},"13":{"start":{"line":31,"column":8},"end":{"line":31,"column":63}},"14":{"start":{"line":37,"column":24},"end":{"line":44,"column":1}},"15":{"start":{"line":38,"column":4},"end":{"line":43,"column":5}},"16":{"start":{"line":39,"column":22},"end":{"line":39,"column":63}},"17":{"start":{"line":40,"column":8},"end":{"line":40,"column":36}},"18":{"start":{"line":42,"column":8},"end":{"line":42,"column":64}},"19":{"start":{"line":47,"column":26},"end":{"line":58,"column":1}},"20":{"start":{"line":48,"column":4},"end":{"line":57,"column":5}},"21":{"start":{"line":49,"column":28},"end":{"line":53,"column":9}},"22":{"start":{"line":54,"column":8},"end":{"line":54,"column":42}},"23":{"start":{"line":56,"column":8},"end":{"line":56,"column":63}},"24":{"start":{"line":61,"column":26},"end":{"line":68,"column":1}},"25":{"start":{"line":62,"column":4},"end":{"line":67,"column":5}},"26":{"start":{"line":63,"column":8},"end":{"line":63,"column":52}},"27":{"start":{"line":64,"column":8},"end":{"line":64,"column":71}},"28":{"start":{"line":66,"column":8},"end":{"line":66,"column":63}},"29":{"start":{"line":70,"column":31},"end":{"line":81,"column":1}},"30":{"start":{"line":71,"column":4},"end":{"line":80,"column":5}},"31":{"start":{"line":72,"column":22},"end":{"line":72,"column":63}},"32":{"start":{"line":73,"column":25},"end":{"line":76,"column":11}},"33":{"start":{"line":73,"column":44},"end":{"line":76,"column":9}},"34":{"start":{"line":77,"column":8},"end":{"line":77,"column":39}},"35":{"start":{"line":79,"column":8},"end":{"line":79,"column":67}}},"fnMap":{"0":{"name":"(anonymous_0)","decl":{"start":{"line":5,"column":26},"end":{"line":5,"column":27}},"loc":{"start":{"line":5,"column":46},"end":{"line":33,"column":1}},"line":5},"1":{"name":"(anonymous_1)","decl":{"start":{"line":37,"column":24},"end":{"line":37,"column":25}},"loc":{"start":{"line":37,"column":44},"end":{"line":44,"column":1}},"line":37},"2":{"name":"(anonymous_2)","decl":{"start":{"line":47,"column":26},"end":{"line":47,"column":27}},"loc":{"start":{"line":47,"column":46},"end":{"line":58,"column":1}},"line":47},"3":{"name":"(anonymous_3)","decl":{"start":{"line":61,"column":26},"end":{"line":61,"column":27}},"loc":{"start":{"line":61,"column":46},"end":{"line":68,"column":1}},"line":61},"4":{"name":"(anonymous_4)","decl":{"start":{"line":70,"column":31},"end":{"line":70,"column":32}},"loc":{"start":{"line":70,"column":51},"end":{"line":81,"column":1}},"line":70},"5":{"name":"(anonymous_5)","decl":{"start":{"line":73,"column":35},"end":{"line":73,"column":36}},"loc":{"start":{"line":73,"column":44},"end":{"line":76,"column":9}},"line":73}},"branchMap":{"0":{"loc":{"start":{"line":12,"column":8},"end":{"line":14,"column":9}},"type":"if","locations":[{"start":{"line":12,"column":8},"end":{"line":14,"column":9}},{"start":{},"end":{}}],"line":12},"1":{"loc":{"start":{"line":12,"column":12},"end":{"line":12,"column":48}},"type":"binary-expr","locations":[{"start":{"line":12,"column":12},"end":{"line":12,"column":18}},{"start":{"line":12,"column":22},"end":{"line":12,"column":35}},{"start":{"line":12,"column":39},"end":{"line":12,"column":48}}],"line":12},"2":{"loc":{"start":{"line":16,"column":8},"end":{"line":18,"column":9}},"type":"if","locations":[{"start":{"line":16,"column":8},"end":{"line":18,"column":9}},{"start":{},"end":{}}],"line":16},"3":{"loc":{"start":{"line":23,"column":26},"end":{"line":23,"column":57}},"type":"binary-expr","locations":[{"start":{"line":23,"column":26},"end":{"line":23,"column":41}},{"start":{"line":23,"column":45},"end":{"line":23,"column":57}}],"line":23}},"s":{"0":12,"1":1,"2":1,"3":1,"4":1,"5":1,"6":0,"7":1,"8":0,"9":1,"10":1,"11":1,"12":0,"13":0,"14":12,"15":1,"16":1,"17":1,"18":0,"19":12,"20":0,"21":0,"22":0,"23":0,"24":12,"25":0,"26":0,"27":0,"28":0,"29":12,"30":0,"31":0,"32":0,"33":0,"34":0,"35":0},"f":{"0":1,"1":1,"2":0,"3":0,"4":0,"5":0},"b":{"0":[0,1],"1":[1,1,1],"2":[0,1],"3":[1,1]},"_coverageSchema":"1a1c01bbd47fc00a2c39e90264f33305004495a9","hash":"dbfc6173f3b1affe87b2dfb7aefd606db02f7842"}
,"E:\\SLIIT\\3rd_Year\\1st Semester\\AF\\project-shaniranasinghe\\controller\\notificationController.js": {"path":"E:\\SLIIT\\3rd_Year\\1st Semester\\AF\\project-shaniranasinghe\\controller\\notificationController.js","statementMap":{"0":{"start":{"line":7,"column":49},"end":{"line":43,"column":1}},"1":{"start":{"line":8,"column":2},"end":{"line":42,"column":3}},"2":{"start":{"line":9,"column":18},"end":{"line":9,"column":28}},"3":{"start":{"line":12,"column":31},"end":{"line":16,"column":6}},"4":{"start":{"line":18,"column":4},"end":{"line":20,"column":5}},"5":{"start":{"line":19,"column":6},"end":{"line":19,"column":84}},"6":{"start":{"line":22,"column":4},"end":{"line":37,"column":5}},"7":{"start":{"line":24,"column":6},"end":{"line":30,"column":9}},"8":{"start":{"line":33,"column":19},"end":{"line":33,"column":52}},"9":{"start":{"line":34,"column":6},"end":{"line":36,"column":7}},"10":{"start":{"line":35,"column":8},"end":{"line":35,"column":160}},"11":{"start":{"line":39,"column":4},"end":{"line":39,"column":98}},"12":{"start":{"line":41,"column":4},"end":{"line":41,"column":111}}},"fnMap":{"0":{"name":"(anonymous_0)","decl":{"start":{"line":7,"column":49},"end":{"line":7,"column":50}},"loc":{"start":{"line":7,"column":69},"end":{"line":43,"column":1}},"line":7}},"branchMap":{"0":{"loc":{"start":{"line":18,"column":4},"end":{"line":20,"column":5}},"type":"if","locations":[{"start":{"line":18,"column":4},"end":{"line":20,"column":5}},{"start":{},"end":{}}],"line":18},"1":{"loc":{"start":{"line":34,"column":6},"end":{"line":36,"column":7}},"type":"if","locations":[{"start":{"line":34,"column":6},"end":{"line":36,"column":7}},{"start":{},"end":{}}],"line":34}},"s":{"0":12,"1":1,"2":1,"3":1,"4":1,"5":1,"6":0,"7":0,"8":0,"9":0,"10":0,"11":0,"12":0},"f":{"0":1},"b":{"0":[1,0],"1":[0,0]},"_coverageSchema":"1a1c01bbd47fc00a2c39e90264f33305004495a9","hash":"45a84d57177007f57d1464cc25946e2e8e95f71d"}
,"E:\\SLIIT\\3rd_Year\\1st Semester\\AF\\project-shaniranasinghe\\controller\\reportController.js": {"path":"E:\\SLIIT\\3rd_Year\\1st Semester\\AF\\project-shaniranasinghe\\controller\\reportController.js","statementMap":{"0":{"start":{"line":6,"column":33},"end":{"line":37,"column":1}},"1":{"start":{"line":7,"column":2},"end":{"line":36,"column":3}},"2":{"start":{"line":8,"column":35},"end":{"line":8,"column":44}},"3":{"start":{"line":11,"column":4},"end":{"line":13,"column":5}},"4":{"start":{"line":12,"column":6},"end":{"line":12,"column":82}},"5":{"start":{"line":16,"column":25},"end":{"line":30,"column":6}},"6":{"start":{"line":33,"column":4},"end":{"line":33,"column":39}},"7":{"start":{"line":35,"column":4},"end":{"line":35,"column":96}},"8":{"start":{"line":42,"column":39},"end":{"line":71,"column":1}},"9":{"start":{"line":43,"column":2},"end":{"line":70,"column":3}},"10":{"start":{"line":44,"column":35},"end":{"line":44,"column":44}},"11":{"start":{"line":47,"column":4},"end":{"line":49,"column":5}},"12":{"start":{"line":48,"column":6},"end":{"line":48,"column":82}},"13":{"start":{"line":52,"column":20},"end":{"line":64,"column":6}},"14":{"start":{"line":67,"column":4},"end":{"line":67,"column":34}},"15":{"start":{"line":69,"column":4},"end":{"line":69,"column":103}},"16":{"start":{"line":76,"column":34},"end":{"line":96,"column":1}},"17":{"start":{"line":77,"column":2},"end":{"line":95,"column":3}},"18":{"start":{"line":78,"column":51},"end":{"line":78,"column":60}},"19":{"start":{"line":81,"column":20},"end":{"line":81,"column":22}},"20":{"start":{"line":82,"column":4},"end":{"line":84,"column":5}},"21":{"start":{"line":83,"column":6},"end":{"line":83,"column":76}},"22":{"start":{"line":85,"column":4},"end":{"line":85,"column":46}},"23":{"start":{"line":85,"column":18},"end":{"line":85,"column":46}},"24":{"start":{"line":86,"column":4},"end":{"line":86,"column":54}},"25":{"start":{"line":86,"column":14},"end":{"line":86,"column":54}},"26":{"start":{"line":89,"column":25},"end":{"line":89,"column":56}},"27":{"start":{"line":92,"column":4},"end":{"line":92,"column":39}},"28":{"start":{"line":94,"column":4},"end":{"line":94,"column":97}},"29":{"start":{"line":98,"column":29},"end":{"line":125,"column":1}},"30":{"start":{"line":99,"column":2},"end":{"line":124,"column":3}},"31":{"start":{"line":100,"column":51},"end":{"line":100,"column":60}},"32":{"start":{"line":103,"column":20},"end":{"line":103,"column":22}},"33":{"start":{"line":104,"column":4},"end":{"line":106,"column":5}},"34":{"start":{"line":105,"column":6},"end":{"line":105,"column":76}},"35":{"start":{"line":107,"column":4},"end":{"line":107,"column":46}},"36":{"start":{"line":107,"column":18},"end":{"line":107,"column":46}},"37":{"start":{"line":108,"column":4},"end":{"line":108,"column":54}},"38":{"start":{"line":108,"column":14},"end":{"line":108,"column":54}},"39":{"start":{"line":111,"column":25},"end":{"line":111,"column":56}},"40":{"start":{"line":114,"column":27},"end":{"line":119,"column":10}},"41":{"start":{"line":115,"column":21},"end":{"line":115,"column":50}},"42":{"start":{"line":116,"column":6},"end":{"line":116,"column":41}},"43":{"start":{"line":116,"column":24},"end":{"line":116,"column":41}},"44":{"start":{"line":117,"column":6},"end":{"line":117,"column":36}},"45":{"start":{"line":118,"column":6},"end":{"line":118,"column":17}},"46":{"start":{"line":121,"column":4},"end":{"line":121,"column":41}},"47":{"start":{"line":123,"column":4},"end":{"line":123,"column":94}}},"fnMap":{"0":{"name":"(anonymous_0)","decl":{"start":{"line":6,"column":33},"end":{"line":6,"column":34}},"loc":{"start":{"line":6,"column":53},"end":{"line":37,"column":1}},"line":6},"1":{"name":"(anonymous_1)","decl":{"start":{"line":42,"column":39},"end":{"line":42,"column":40}},"loc":{"start":{"line":42,"column":59},"end":{"line":71,"column":1}},"line":42},"2":{"name":"(anonymous_2)","decl":{"start":{"line":76,"column":34},"end":{"line":76,"column":35}},"loc":{"start":{"line":76,"column":54},"end":{"line":96,"column":1}},"line":76},"3":{"name":"(anonymous_3)","decl":{"start":{"line":98,"column":29},"end":{"line":98,"column":30}},"loc":{"start":{"line":98,"column":49},"end":{"line":125,"column":1}},"line":98},"4":{"name":"(anonymous_4)","decl":{"start":{"line":114,"column":47},"end":{"line":114,"column":48}},"loc":{"start":{"line":114,"column":69},"end":{"line":119,"column":5}},"line":114}},"branchMap":{"0":{"loc":{"start":{"line":11,"column":4},"end":{"line":13,"column":5}},"type":"if","locations":[{"start":{"line":11,"column":4},"end":{"line":13,"column":5}},{"start":{},"end":{}}],"line":11},"1":{"loc":{"start":{"line":11,"column":8},"end":{"line":11,"column":30}},"type":"binary-expr","locations":[{"start":{"line":11,"column":8},"end":{"line":11,"column":18}},{"start":{"line":11,"column":22},"end":{"line":11,"column":30}}],"line":11},"2":{"loc":{"start":{"line":47,"column":4},"end":{"line":49,"column":5}},"type":"if","locations":[{"start":{"line":47,"column":4},"end":{"line":49,"column":5}},{"start":{},"end":{}}],"line":47},"3":{"loc":{"start":{"line":47,"column":8},"end":{"line":47,"column":30}},"type":"binary-expr","locations":[{"start":{"line":47,"column":8},"end":{"line":47,"column":18}},{"start":{"line":47,"column":22},"end":{"line":47,"column":30}}],"line":47},"4":{"loc":{"start":{"line":82,"column":4},"end":{"line":84,"column":5}},"type":"if","locations":[{"start":{"line":82,"column":4},"end":{"line":84,"column":5}},{"start":{},"end":{}}],"line":82},"5":{"loc":{"start":{"line":82,"column":8},"end":{"line":82,"column":28}},"type":"binary-expr","locations":[{"start":{"line":82,"column":8},"end":{"line":82,"column":17}},{"start":{"line":82,"column":21},"end":{"line":82,"column":28}}],"line":82},"6":{"loc":{"start":{"line":85,"column":4},"end":{"line":85,"column":46}},"type":"if","locations":[{"start":{"line":85,"column":4},"end":{"line":85,"column":46}},{"start":{},"end":{}}],"line":85},"7":{"loc":{"start":{"line":86,"column":4},"end":{"line":86,"column":54}},"type":"if","locations":[{"start":{"line":86,"column":4},"end":{"line":86,"column":54}},{"start":{},"end":{}}],"line":86},"8":{"loc":{"start":{"line":104,"column":4},"end":{"line":106,"column":5}},"type":"if","locations":[{"start":{"line":104,"column":4},"end":{"line":106,"column":5}},{"start":{},"end":{}}],"line":104},"9":{"loc":{"start":{"line":104,"column":8},"end":{"line":104,"column":28}},"type":"binary-expr","locations":[{"start":{"line":104,"column":8},"end":{"line":104,"column":17}},{"start":{"line":104,"column":21},"end":{"line":104,"column":28}}],"line":104},"10":{"loc":{"start":{"line":107,"column":4},"end":{"line":107,"column":46}},"type":"if","locations":[{"start":{"line":107,"column":4},"end":{"line":107,"column":46}},{"start":{},"end":{}}],"line":107},"11":{"loc":{"start":{"line":108,"column":4},"end":{"line":108,"column":54}},"type":"if","locations":[{"start":{"line":108,"column":4},"end":{"line":108,"column":54}},{"start":{},"end":{}}],"line":108},"12":{"loc":{"start":{"line":116,"column":6},"end":{"line":116,"column":41}},"type":"if","locations":[{"start":{"line":116,"column":6},"end":{"line":116,"column":41}},{"start":{},"end":{}}],"line":116}},"s":{"0":12,"1":1,"2":1,"3":1,"4":0,"5":1,"6":1,"7":0,"8":12,"9":2,"10":2,"11":2,"12":0,"13":2,"14":2,"15":0,"16":12,"17":0,"18":0,"19":0,"20":0,"21":0,"22":0,"23":0,"24":0,"25":0,"26":0,"27":0,"28":0,"29":12,"30":0,"31":0,"32":0,"33":0,"34":0,"35":0,"36":0,"37":0,"38":0,"39":0,"40":0,"41":0,"42":0,"43":0,"44":0,"45":0,"46":0,"47":0},"f":{"0":1,"1":2,"2":0,"3":0,"4":0},"b":{"0":[0,1],"1":[1,1],"2":[0,2],"3":[2,2],"4":[0,0],"5":[0,0],"6":[0,0],"7":[0,0],"8":[0,0],"9":[0,0],"10":[0,0],"11":[0,0],"12":[0,0]},"_coverageSchema":"1a1c01bbd47fc00a2c39e90264f33305004495a9","hash":"f226a63b339daca24de28a55b147ac8a6df6244a"}
,"E:\\SLIIT\\3rd_Year\\1st Semester\\AF\\project-shaniranasinghe\\controller\\systemSettingsController.js": {"path":"E:\\SLIIT\\3rd_Year\\1st Semester\\AF\\project-shaniranasinghe\\controller\\systemSettingsController.js","statementMap":{"0":{"start":{"line":4,"column":39},"end":{"line":22,"column":1}},"1":{"start":{"line":5,"column":2},"end":{"line":21,"column":3}},"2":{"start":{"line":6,"column":35},"end":{"line":6,"column":43}},"3":{"start":{"line":8,"column":19},"end":{"line":8,"column":49}},"4":{"start":{"line":9,"column":4},"end":{"line":11,"column":5}},"5":{"start":{"line":10,"column":6},"end":{"line":10,"column":38}},"6":{"start":{"line":13,"column":4},"end":{"line":13,"column":53}},"7":{"start":{"line":13,"column":20},"end":{"line":13,"column":53}},"8":{"start":{"line":14,"column":4},"end":{"line":14,"column":41}},"9":{"start":{"line":14,"column":16},"end":{"line":14,"column":41}},"10":{"start":{"line":16,"column":4},"end":{"line":16,"column":26}},"11":{"start":{"line":18,"column":4},"end":{"line":18,"column":88}},"12":{"start":{"line":20,"column":4},"end":{"line":20,"column":99}},"13":{"start":{"line":25,"column":33},"end":{"line":37,"column":1}},"14":{"start":{"line":26,"column":2},"end":{"line":36,"column":3}},"15":{"start":{"line":27,"column":21},"end":{"line":27,"column":51}},"16":{"start":{"line":29,"column":4},"end":{"line":31,"column":5}},"17":{"start":{"line":30,"column":6},"end":{"line":30,"column":74}},"18":{"start":{"line":33,"column":4},"end":{"line":33,"column":35}},"19":{"start":{"line":35,"column":4},"end":{"line":35,"column":98}}},"fnMap":{"0":{"name":"(anonymous_0)","decl":{"start":{"line":4,"column":39},"end":{"line":4,"column":40}},"loc":{"start":{"line":4,"column":59},"end":{"line":22,"column":1}},"line":4},"1":{"name":"(anonymous_1)","decl":{"start":{"line":25,"column":33},"end":{"line":25,"column":34}},"loc":{"start":{"line":25,"column":53},"end":{"line":37,"column":1}},"line":25}},"branchMap":{"0":{"loc":{"start":{"line":9,"column":4},"end":{"line":11,"column":5}},"type":"if","locations":[{"start":{"line":9,"column":4},"end":{"line":11,"column":5}},{"start":{},"end":{}}],"line":9},"1":{"loc":{"start":{"line":13,"column":4},"end":{"line":13,"column":53}},"type":"if","locations":[{"start":{"line":13,"column":4},"end":{"line":13,"column":53}},{"start":{},"end":{}}],"line":13},"2":{"loc":{"start":{"line":14,"column":4},"end":{"line":14,"column":41}},"type":"if","locations":[{"start":{"line":14,"column":4},"end":{"line":14,"column":41}},{"start":{},"end":{}}],"line":14},"3":{"loc":{"start":{"line":29,"column":4},"end":{"line":31,"column":5}},"type":"if","locations":[{"start":{"line":29,"column":4},"end":{"line":31,"column":5}},{"start":{},"end":{}}],"line":29}},"s":{"0":12,"1":0,"2":0,"3":0,"4":0,"5":0,"6":0,"7":0,"8":0,"9":0,"10":0,"11":0,"12":0,"13":12,"14":1,"15":1,"16":1,"17":0,"18":1,"19":0},"f":{"0":0,"1":1},"b":{"0":[0,0],"1":[0,0],"2":[0,0],"3":[0,1]},"_coverageSchema":"1a1c01bbd47fc00a2c39e90264f33305004495a9","hash":"fc0366eed9c3bf40f56759e48b0a72d8b8463726"}
,"E:\\SLIIT\\3rd_Year\\1st Semester\\AF\\project-shaniranasinghe\\controller\\transactionController.js": {"path":"E:\\SLIIT\\3rd_Year\\1st Semester\\AF\\project-shaniranasinghe\\controller\\transactionController.js","statementMap":{"0":{"start":{"line":9,"column":33},"end":{"line":75,"column":1}},"1":{"start":{"line":10,"column":2},"end":{"line":74,"column":3}},"2":{"start":{"line":11,"column":49},"end":{"line":11,"column":57}},"3":{"start":{"line":14,"column":21},"end":{"line":14,"column":51}},"4":{"start":{"line":15,"column":4},"end":{"line":17,"column":5}},"5":{"start":{"line":16,"column":6},"end":{"line":16,"column":81}},"6":{"start":{"line":20,"column":4},"end":{"line":22,"column":5}},"7":{"start":{"line":21,"column":6},"end":{"line":21,"column":122}},"8":{"start":{"line":25,"column":25},"end":{"line":25,"column":42}},"9":{"start":{"line":27,"column":4},"end":{"line":43,"column":5}},"10":{"start":{"line":28,"column":21},"end":{"line":28,"column":67}},"11":{"start":{"line":30,"column":6},"end":{"line":32,"column":7}},"12":{"start":{"line":31,"column":8},"end":{"line":31,"column":78}},"13":{"start":{"line":35,"column":30},"end":{"line":35,"column":99}},"14":{"start":{"line":36,"column":6},"end":{"line":36,"column":39}},"15":{"start":{"line":37,"column":6},"end":{"line":37,"column":26}},"16":{"start":{"line":39,"column":29},"end":{"line":39,"column":83}},"17":{"start":{"line":40,"column":31},"end":{"line":40,"column":58}},"18":{"start":{"line":42,"column":6},"end":{"line":42,"column":108}},"19":{"start":{"line":45,"column":4},"end":{"line":69,"column":5}},"20":{"start":{"line":46,"column":6},"end":{"line":48,"column":7}},"21":{"start":{"line":47,"column":8},"end":{"line":47,"column":98}},"22":{"start":{"line":50,"column":21},"end":{"line":50,"column":77}},"23":{"start":{"line":52,"column":6},"end":{"line":54,"column":7}},"24":{"start":{"line":53,"column":8},"end":{"line":53,"column":89}},"25":{"start":{"line":57,"column":30},"end":{"line":57,"column":99}},"26":{"start":{"line":58,"column":6},"end":{"line":60,"column":7}},"27":{"start":{"line":59,"column":8},"end":{"line":59,"column":90}},"28":{"start":{"line":62,"column":6},"end":{"line":62,"column":44}},"29":{"start":{"line":63,"column":6},"end":{"line":63,"column":26}},"30":{"start":{"line":65,"column":29},"end":{"line":65,"column":83}},"31":{"start":{"line":66,"column":31},"end":{"line":66,"column":58}},"32":{"start":{"line":68,"column":6},"end":{"line":68,"column":109}},"33":{"start":{"line":71,"column":4},"end":{"line":71,"column":108}},"34":{"start":{"line":73,"column":4},"end":{"line":73,"column":90}},"35":{"start":{"line":79,"column":31},"end":{"line":86,"column":1}},"36":{"start":{"line":80,"column":4},"end":{"line":85,"column":5}},"37":{"start":{"line":81,"column":27},"end":{"line":81,"column":75}},"38":{"start":{"line":82,"column":6},"end":{"line":82,"column":41}},"39":{"start":{"line":84,"column":6},"end":{"line":84,"column":53}},"40":{"start":{"line":91,"column":33},"end":{"line":114,"column":1}},"41":{"start":{"line":92,"column":2},"end":{"line":113,"column":3}},"42":{"start":{"line":93,"column":23},"end":{"line":93,"column":31}},"43":{"start":{"line":96,"column":4},"end":{"line":98,"column":5}},"44":{"start":{"line":97,"column":6},"end":{"line":97,"column":81}},"45":{"start":{"line":100,"column":24},"end":{"line":104,"column":5}},"46":{"start":{"line":106,"column":4},"end":{"line":108,"column":5}},"47":{"start":{"line":107,"column":6},"end":{"line":107,"column":70}},"48":{"start":{"line":110,"column":4},"end":{"line":110,"column":38}},"49":{"start":{"line":112,"column":4},"end":{"line":112,"column":51}},"50":{"start":{"line":118,"column":33},"end":{"line":129,"column":1}},"51":{"start":{"line":119,"column":2},"end":{"line":128,"column":3}},"52":{"start":{"line":120,"column":24},"end":{"line":123,"column":6}},"53":{"start":{"line":124,"column":4},"end":{"line":124,"column":86}},"54":{"start":{"line":124,"column":22},"end":{"line":124,"column":86}},"55":{"start":{"line":125,"column":4},"end":{"line":125,"column":74}},"56":{"start":{"line":127,"column":4},"end":{"line":127,"column":51}},"57":{"start":{"line":132,"column":28},"end":{"line":147,"column":1}},"58":{"start":{"line":133,"column":17},"end":{"line":133,"column":29}},"59":{"start":{"line":134,"column":19},"end":{"line":134,"column":28}},"60":{"start":{"line":136,"column":2},"end":{"line":146,"column":3}},"61":{"start":{"line":137,"column":19},"end":{"line":137,"column":29}},"62":{"start":{"line":138,"column":4},"end":{"line":140,"column":5}},"63":{"start":{"line":139,"column":6},"end":{"line":139,"column":45}},"64":{"start":{"line":142,"column":25},"end":{"line":142,"column":55}},"65":{"start":{"line":143,"column":4},"end":{"line":143,"column":39}},"66":{"start":{"line":145,"column":4},"end":{"line":145,"column":52}},"67":{"start":{"line":150,"column":42},"end":{"line":187,"column":1}},"68":{"start":{"line":151,"column":2},"end":{"line":186,"column":3}},"69":{"start":{"line":152,"column":71},"end":{"line":152,"column":79}},"70":{"start":{"line":154,"column":4},"end":{"line":156,"column":5}},"71":{"start":{"line":155,"column":6},"end":{"line":155,"column":94}},"72":{"start":{"line":158,"column":27},"end":{"line":168,"column":6}},"73":{"start":{"line":171,"column":19},"end":{"line":171,"column":75}},"74":{"start":{"line":172,"column":4},"end":{"line":172,"column":98}},"75":{"start":{"line":172,"column":17},"end":{"line":172,"column":98}},"76":{"start":{"line":174,"column":28},"end":{"line":174,"column":34}},"77":{"start":{"line":175,"column":4},"end":{"line":177,"column":5}},"78":{"start":{"line":176,"column":6},"end":{"line":176,"column":88}},"79":{"start":{"line":179,"column":4},"end":{"line":179,"column":42}},"80":{"start":{"line":180,"column":4},"end":{"line":180,"column":24}},"81":{"start":{"line":182,"column":4},"end":{"line":182,"column":32}},"82":{"start":{"line":183,"column":4},"end":{"line":183,"column":114}},"83":{"start":{"line":185,"column":4},"end":{"line":185,"column":51}},"84":{"start":{"line":190,"column":44},"end":{"line":223,"column":1}},"85":{"start":{"line":191,"column":2},"end":{"line":222,"column":3}},"86":{"start":{"line":192,"column":18},"end":{"line":192,"column":28}},"87":{"start":{"line":193,"column":34},"end":{"line":197,"column":6}},"88":{"start":{"line":199,"column":4},"end":{"line":219,"column":5}},"89":{"start":{"line":200,"column":21},"end":{"line":200,"column":105}},"90":{"start":{"line":202,"column":6},"end":{"line":218,"column":7}},"91":{"start":{"line":203,"column":32},"end":{"line":203,"column":50}},"92":{"start":{"line":204,"column":8},"end":{"line":207,"column":9}},"93":{"start":{"line":205,"column":10},"end":{"line":205,"column":48}},"94":{"start":{"line":206,"column":10},"end":{"line":206,"column":30}},"95":{"start":{"line":209,"column":8},"end":{"line":209,"column":111}},"96":{"start":{"line":210,"column":8},"end":{"line":210,"column":33}},"97":{"start":{"line":213,"column":8},"end":{"line":217,"column":10}},"98":{"start":{"line":221,"column":4},"end":{"line":221,"column":69}},"99":{"start":{"line":227,"column":40},"end":{"line":234,"column":1}},"100":{"start":{"line":228,"column":2},"end":{"line":233,"column":3}},"101":{"start":{"line":229,"column":34},"end":{"line":229,"column":101}},"102":{"start":{"line":230,"column":4},"end":{"line":230,"column":48}},"103":{"start":{"line":232,"column":4},"end":{"line":232,"column":51}},"104":{"start":{"line":236,"column":32},"end":{"line":261,"column":1}},"105":{"start":{"line":237,"column":2},"end":{"line":260,"column":3}},"106":{"start":{"line":238,"column":19},"end":{"line":238,"column":31}},"107":{"start":{"line":239,"column":26},"end":{"line":243,"column":6}},"108":{"start":{"line":246,"column":4},"end":{"line":249,"column":7}},"109":{"start":{"line":247,"column":22},"end":{"line":247,"column":115}},"110":{"start":{"line":248,"column":6},"end":{"line":248,"column":88}},"111":{"start":{"line":252,"column":33},"end":{"line":252,"column":68}},"112":{"start":{"line":253,"column":4},"end":{"line":255,"column":5}},"113":{"start":{"line":254,"column":6},"end":{"line":254,"column":47}},"114":{"start":{"line":257,"column":4},"end":{"line":257,"column":40}},"115":{"start":{"line":259,"column":4},"end":{"line":259,"column":51}},"116":{"start":{"line":265,"column":37},"end":{"line":287,"column":1}},"117":{"start":{"line":266,"column":23},"end":{"line":266,"column":57}},"118":{"start":{"line":269,"column":24},"end":{"line":269,"column":104}},"119":{"start":{"line":269,"column":60},"end":{"line":269,"column":78}},"120":{"start":{"line":271,"column":30},"end":{"line":271,"column":94}},"121":{"start":{"line":271,"column":59},"end":{"line":271,"column":93}},"122":{"start":{"line":273,"column":2},"end":{"line":284,"column":3}},"123":{"start":{"line":274,"column":25},"end":{"line":274,"column":122}},"124":{"start":{"line":277,"column":4},"end":{"line":277,"column":105}},"125":{"start":{"line":279,"column":4},"end":{"line":283,"column":6}},"126":{"start":{"line":286,"column":2},"end":{"line":286,"column":14}},"127":{"start":{"line":290,"column":38},"end":{"line":310,"column":1}},"128":{"start":{"line":291,"column":2},"end":{"line":309,"column":3}},"129":{"start":{"line":292,"column":23},"end":{"line":292,"column":33}},"130":{"start":{"line":295,"column":4},"end":{"line":297,"column":5}},"131":{"start":{"line":296,"column":6},"end":{"line":296,"column":68}},"132":{"start":{"line":300,"column":25},"end":{"line":300,"column":59}},"133":{"start":{"line":302,"column":4},"end":{"line":304,"column":5}},"134":{"start":{"line":303,"column":6},"end":{"line":303,"column":95}},"135":{"start":{"line":306,"column":4},"end":{"line":306,"column":39}},"136":{"start":{"line":308,"column":4},"end":{"line":308,"column":51}},"137":{"start":{"line":312,"column":34},"end":{"line":351,"column":1}},"138":{"start":{"line":313,"column":2},"end":{"line":350,"column":3}},"139":{"start":{"line":314,"column":51},"end":{"line":314,"column":60}},"140":{"start":{"line":317,"column":20},"end":{"line":317,"column":22}},"141":{"start":{"line":318,"column":4},"end":{"line":320,"column":5}},"142":{"start":{"line":319,"column":6},"end":{"line":319,"column":76}},"143":{"start":{"line":321,"column":4},"end":{"line":321,"column":46}},"144":{"start":{"line":321,"column":18},"end":{"line":321,"column":46}},"145":{"start":{"line":322,"column":4},"end":{"line":322,"column":54}},"146":{"start":{"line":322,"column":14},"end":{"line":322,"column":54}},"147":{"start":{"line":325,"column":25},"end":{"line":325,"column":93}},"148":{"start":{"line":328,"column":32},"end":{"line":345,"column":10}},"149":{"start":{"line":330,"column":6},"end":{"line":333,"column":7}},"150":{"start":{"line":331,"column":8},"end":{"line":331,"column":85}},"151":{"start":{"line":332,"column":8},"end":{"line":332,"column":19}},"152":{"start":{"line":335,"column":19},"end":{"line":335,"column":37}},"153":{"start":{"line":336,"column":6},"end":{"line":342,"column":7}},"154":{"start":{"line":337,"column":8},"end":{"line":341,"column":10}},"155":{"start":{"line":343,"column":6},"end":{"line":343,"column":51}},"156":{"start":{"line":344,"column":6},"end":{"line":344,"column":17}},"157":{"start":{"line":347,"column":4},"end":{"line":347,"column":46}},"158":{"start":{"line":349,"column":4},"end":{"line":349,"column":97}},"159":{"start":{"line":355,"column":38},"end":{"line":367,"column":1}},"160":{"start":{"line":356,"column":2},"end":{"line":366,"column":3}},"161":{"start":{"line":357,"column":19},"end":{"line":357,"column":31}},"162":{"start":{"line":358,"column":21},"end":{"line":358,"column":30}},"163":{"start":{"line":361,"column":25},"end":{"line":361,"column":104}},"164":{"start":{"line":363,"column":4},"end":{"line":363,"column":39}},"165":{"start":{"line":365,"column":4},"end":{"line":365,"column":100}}},"fnMap":{"0":{"name":"(anonymous_0)","decl":{"start":{"line":9,"column":33},"end":{"line":9,"column":34}},"loc":{"start":{"line":9,"column":53},"end":{"line":75,"column":1}},"line":9},"1":{"name":"(anonymous_1)","decl":{"start":{"line":79,"column":31},"end":{"line":79,"column":32}},"loc":{"start":{"line":79,"column":51},"end":{"line":86,"column":1}},"line":79},"2":{"name":"(anonymous_2)","decl":{"start":{"line":91,"column":33},"end":{"line":91,"column":34}},"loc":{"start":{"line":91,"column":53},"end":{"line":114,"column":1}},"line":91},"3":{"name":"(anonymous_3)","decl":{"start":{"line":118,"column":33},"end":{"line":118,"column":34}},"loc":{"start":{"line":118,"column":53},"end":{"line":129,"column":1}},"line":118},"4":{"name":"(anonymous_4)","decl":{"start":{"line":132,"column":28},"end":{"line":132,"column":29}},"loc":{"start":{"line":132,"column":48},"end":{"line":147,"column":1}},"line":132},"5":{"name":"(anonymous_5)","decl":{"start":{"line":150,"column":42},"end":{"line":150,"column":43}},"loc":{"start":{"line":150,"column":62},"end":{"line":187,"column":1}},"line":150},"6":{"name":"(anonymous_6)","decl":{"start":{"line":190,"column":44},"end":{"line":190,"column":45}},"loc":{"start":{"line":190,"column":56},"end":{"line":223,"column":1}},"line":190},"7":{"name":"(anonymous_7)","decl":{"start":{"line":227,"column":40},"end":{"line":227,"column":41}},"loc":{"start":{"line":227,"column":60},"end":{"line":234,"column":1}},"line":227},"8":{"name":"(anonymous_8)","decl":{"start":{"line":236,"column":32},"end":{"line":236,"column":33}},"loc":{"start":{"line":236,"column":52},"end":{"line":261,"column":1}},"line":236},"9":{"name":"(anonymous_9)","decl":{"start":{"line":246,"column":26},"end":{"line":246,"column":27}},"loc":{"start":{"line":246,"column":41},"end":{"line":249,"column":5}},"line":246},"10":{"name":"(anonymous_10)","decl":{"start":{"line":265,"column":37},"end":{"line":265,"column":38}},"loc":{"start":{"line":265,"column":55},"end":{"line":287,"column":1}},"line":265},"11":{"name":"(anonymous_11)","decl":{"start":{"line":269,"column":44},"end":{"line":269,"column":45}},"loc":{"start":{"line":269,"column":60},"end":{"line":269,"column":78}},"line":269},"12":{"name":"(anonymous_12)","decl":{"start":{"line":271,"column":50},"end":{"line":271,"column":51}},"loc":{"start":{"line":271,"column":59},"end":{"line":271,"column":93}},"line":271},"13":{"name":"(anonymous_13)","decl":{"start":{"line":290,"column":38},"end":{"line":290,"column":39}},"loc":{"start":{"line":290,"column":58},"end":{"line":310,"column":1}},"line":290},"14":{"name":"(anonymous_14)","decl":{"start":{"line":312,"column":34},"end":{"line":312,"column":35}},"loc":{"start":{"line":312,"column":54},"end":{"line":351,"column":1}},"line":312},"15":{"name":"(anonymous_15)","decl":{"start":{"line":328,"column":52},"end":{"line":328,"column":53}},"loc":{"start":{"line":328,"column":74},"end":{"line":345,"column":5}},"line":328},"16":{"name":"(anonymous_16)","decl":{"start":{"line":355,"column":38},"end":{"line":355,"column":39}},"loc":{"start":{"line":355,"column":58},"end":{"line":367,"column":1}},"line":355}},"branchMap":{"0":{"loc":{"start":{"line":15,"column":4},"end":{"line":17,"column":5}},"type":"if","locations":[{"start":{"line":15,"column":4},"end":{"line":17,"column":5}},{"start":{},"end":{}}],"line":15},"1":{"loc":{"start":{"line":20,"column":4},"end":{"line":22,"column":5}},"type":"if","locations":[{"start":{"line":20,"column":4},"end":{"line":22,"column":5}},{"start":{},"end":{}}],"line":20},"2":{"loc":{"start":{"line":25,"column":25},"end":{"line":25,"column":42}},"type":"binary-expr","locations":[{"start":{"line":25,"column":25},"end":{"line":25,"column":33}},{"start":{"line":25,"column":37},"end":{"line":25,"column":42}}],"line":25},"3":{"loc":{"start":{"line":27,"column":4},"end":{"line":43,"column":5}},"type":"if","locations":[{"start":{"line":27,"column":4},"end":{"line":43,"column":5}},{"start":{},"end":{}}],"line":27},"4":{"loc":{"start":{"line":30,"column":6},"end":{"line":32,"column":7}},"type":"if","locations":[{"start":{"line":30,"column":6},"end":{"line":32,"column":7}},{"start":{},"end":{}}],"line":30},"5":{"loc":{"start":{"line":35,"column":74},"end":{"line":35,"column":98}},"type":"binary-expr","locations":[{"start":{"line":35,"column":74},"end":{"line":35,"column":89}},{"start":{"line":35,"column":93},"end":{"line":35,"column":98}}],"line":35},"6":{"loc":{"start":{"line":45,"column":4},"end":{"line":69,"column":5}},"type":"if","locations":[{"start":{"line":45,"column":4},"end":{"line":69,"column":5}},{"start":{},"end":{}}],"line":45},"7":{"loc":{"start":{"line":46,"column":6},"end":{"line":48,"column":7}},"type":"if","locations":[{"start":{"line":46,"column":6},"end":{"line":48,"column":7}},{"start":{},"end":{}}],"line":46},"8":{"loc":{"start":{"line":52,"column":6},"end":{"line":54,"column":7}},"type":"if","locations":[{"start":{"line":52,"column":6},"end":{"line":54,"column":7}},{"start":{},"end":{}}],"line":52},"9":{"loc":{"start":{"line":57,"column":74},"end":{"line":57,"column":98}},"type":"binary-expr","locations":[{"start":{"line":57,"column":74},"end":{"line":57,"column":89}},{"start":{"line":57,"column":93},"end":{"line":57,"column":98}}],"line":57},"10":{"loc":{"start":{"line":58,"column":6},"end":{"line":60,"column":7}},"type":"if","locations":[{"start":{"line":58,"column":6},"end":{"line":60,"column":7}},{"start":{},"end":{}}],"line":58},"11":{"loc":{"start":{"line":96,"column":4},"end":{"line":98,"column":5}},"type":"if","locations":[{"start":{"line":96,"column":4},"end":{"line":98,"column":5}},{"start":{},"end":{}}],"line":96},"12":{"loc":{"start":{"line":96,"column":8},"end":{"line":96,"column":42}},"type":"binary-expr","locations":[{"start":{"line":96,"column":8},"end":{"line":96,"column":28}},{"start":{"line":96,"column":32},"end":{"line":96,"column":42}}],"line":96},"13":{"loc":{"start":{"line":106,"column":4},"end":{"line":108,"column":5}},"type":"if","locations":[{"start":{"line":106,"column":4},"end":{"line":108,"column":5}},{"start":{},"end":{}}],"line":106},"14":{"loc":{"start":{"line":124,"column":4},"end":{"line":124,"column":86}},"type":"if","locations":[{"start":{"line":124,"column":4},"end":{"line":124,"column":86}},{"start":{},"end":{}}],"line":124},"15":{"loc":{"start":{"line":138,"column":4},"end":{"line":140,"column":5}},"type":"if","locations":[{"start":{"line":138,"column":4},"end":{"line":140,"column":5}},{"start":{},"end":{}}],"line":138},"16":{"loc":{"start":{"line":154,"column":4},"end":{"line":156,"column":5}},"type":"if","locations":[{"start":{"line":154,"column":4},"end":{"line":156,"column":5}},{"start":{},"end":{}}],"line":154},"17":{"loc":{"start":{"line":154,"column":8},"end":{"line":154,"column":38}},"type":"binary-expr","locations":[{"start":{"line":154,"column":8},"end":{"line":154,"column":26}},{"start":{"line":154,"column":30},"end":{"line":154,"column":38}}],"line":154},"18":{"loc":{"start":{"line":172,"column":4},"end":{"line":172,"column":98}},"type":"if","locations":[{"start":{"line":172,"column":4},"end":{"line":172,"column":98}},{"start":{},"end":{}}],"line":172},"19":{"loc":{"start":{"line":175,"column":4},"end":{"line":177,"column":5}},"type":"if","locations":[{"start":{"line":175,"column":4},"end":{"line":177,"column":5}},{"start":{},"end":{}}],"line":175},"20":{"loc":{"start":{"line":202,"column":6},"end":{"line":218,"column":7}},"type":"if","locations":[{"start":{"line":202,"column":6},"end":{"line":218,"column":7}},{"start":{},"end":{}}],"line":202},"21":{"loc":{"start":{"line":204,"column":8},"end":{"line":207,"column":9}},"type":"if","locations":[{"start":{"line":204,"column":8},"end":{"line":207,"column":9}},{"start":{},"end":{}}],"line":204},"22":{"loc":{"start":{"line":253,"column":4},"end":{"line":255,"column":5}},"type":"if","locations":[{"start":{"line":253,"column":4},"end":{"line":255,"column":5}},{"start":{},"end":{}}],"line":253},"23":{"loc":{"start":{"line":273,"column":2},"end":{"line":284,"column":3}},"type":"if","locations":[{"start":{"line":273,"column":2},"end":{"line":284,"column":3}},{"start":{},"end":{}}],"line":273},"24":{"loc":{"start":{"line":295,"column":4},"end":{"line":297,"column":5}},"type":"if","locations":[{"start":{"line":295,"column":4},"end":{"line":297,"column":5}},{"start":{},"end":{}}],"line":295},"25":{"loc":{"start":{"line":302,"column":4},"end":{"line":304,"column":5}},"type":"if","locations":[{"start":{"line":302,"column":4},"end":{"line":304,"column":5}},{"start":{},"end":{}}],"line":302},"26":{"loc":{"start":{"line":302,"column":8},"end":{"line":302,"column":50}},"type":"binary-expr","locations":[{"start":{"line":302,"column":8},"end":{"line":302,"column":21}},{"start":{"line":302,"column":25},"end":{"line":302,"column":50}}],"line":302},"27":{"loc":{"start":{"line":318,"column":4},"end":{"line":320,"column":5}},"type":"if","locations":[{"start":{"line":318,"column":4},"end":{"line":320,"column":5}},{"start":{},"end":{}}],"line":318},"28":{"loc":{"start":{"line":318,"column":8},"end":{"line":318,"column":28}},"type":"binary-expr","locations":[{"start":{"line":318,"column":8},"end":{"line":318,"column":17}},{"start":{"line":318,"column":21},"end":{"line":318,"column":28}}],"line":318},"29":{"loc":{"start":{"line":321,"column":4},"end":{"line":321,"column":46}},"type":"if","locations":[{"start":{"line":321,"column":4},"end":{"line":321,"column":46}},{"start":{},"end":{}}],"line":321},"30":{"loc":{"start":{"line":322,"column":4},"end":{"line":322,"column":54}},"type":"if","locations":[{"start":{"line":322,"column":4},"end":{"line":322,"column":54}},{"start":{},"end":{}}],"line":322},"31":{"loc":{"start":{"line":330,"column":6},"end":{"line":333,"column":7}},"type":"if","locations":[{"start":{"line":330,"column":6},"end":{"line":333,"column":7}},{"start":{},"end":{}}],"line":330},"32":{"loc":{"start":{"line":336,"column":6},"end":{"line":342,"column":7}},"type":"if","locations":[{"start":{"line":336,"column":6},"end":{"line":342,"column":7}},{"start":{},"end":{}}],"line":336}},"s":{"0":12,"1":0,"2":0,"3":0,"4":0,"5":0,"6":0,"7":0,"8":0,"9":0,"10":0,"11":0,"12":0,"13":0,"14":0,"15":0,"16":0,"17":0,"18":0,"19":0,"20":0,"21":0,"22":0,"23":0,"24":0,"25":0,"26":0,"27":0,"28":0,"29":0,"30":0,"31":0,"32":0,"33":0,"34":0,"35":12,"36":1,"37":1,"38":1,"39":0,"40":12,"41":0,"42":0,"43":0,"44":0,"45":0,"46":0,"47":0,"48":0,"49":0,"50":12,"51":0,"52":0,"53":0,"54":0,"55":0,"56":0,"57":12,"58":0,"59":0,"60":0,"61":0,"62":0,"63":0,"64":0,"65":0,"66":0,"67":12,"68":0,"69":0,"70":0,"71":0,"72":0,"73":0,"74":0,"75":0,"76":0,"77":0,"78":0,"79":0,"80":0,"81":0,"82":0,"83":0,"84":12,"85":0,"86":0,"87":0,"88":0,"89":0,"90":0,"91":0,"92":0,"93":0,"94":0,"95":0,"96":0,"97":0,"98":0,"99":12,"100":0,"101":0,"102":0,"103":0,"104":12,"105":0,"106":0,"107":0,"108":0,"109":0,"110":0,"111":0,"112":0,"113":0,"114":0,"115":0,"116":12,"117":0,"118":0,"119":0,"120":0,"121":0,"122":0,"123":0,"124":0,"125":0,"126":0,"127":12,"128":0,"129":0,"130":0,"131":0,"132":0,"133":0,"134":0,"135":0,"136":0,"137":12,"138":0,"139":0,"140":0,"141":0,"142":0,"143":0,"144":0,"145":0,"146":0,"147":0,"148":0,"149":0,"150":0,"151":0,"152":0,"153":0,"154":0,"155":0,"156":0,"157":0,"158":0,"159":12,"160":0,"161":0,"162":0,"163":0,"164":0,"165":0},"f":{"0":0,"1":1,"2":0,"3":0,"4":0,"5":0,"6":0,"7":0,"8":0,"9":0,"10":0,"11":0,"12":0,"13":0,"14":0,"15":0,"16":0},"b":{"0":[0,0],"1":[0,0],"2":[0,0],"3":[0,0],"4":[0,0],"5":[0,0],"6":[0,0],"7":[0,0],"8":[0,0],"9":[0,0],"10":[0,0],"11":[0,0],"12":[0,0],"13":[0,0],"14":[0,0],"15":[0,0],"16":[0,0],"17":[0,0],"18":[0,0],"19":[0,0],"20":[0,0],"21":[0,0],"22":[0,0],"23":[0,0],"24":[0,0],"25":[0,0],"26":[0,0],"27":[0,0],"28":[0,0],"29":[0,0],"30":[0,0],"31":[0,0],"32":[0,0]},"_coverageSchema":"1a1c01bbd47fc00a2c39e90264f33305004495a9","hash":"4a21a703b3f673cce30e872d3eb7aa71b8a9fee8"}
,"E:\\SLIIT\\3rd_Year\\1st Semester\\AF\\project-shaniranasinghe\\controller\\userController.js": {"path":"E:\\SLIIT\\3rd_Year\\1st Semester\\AF\\project-shaniranasinghe\\controller\\userController.js","statementMap":{"0":{"start":{"line":3,"column":22},"end":{"line":18,"column":1}},"1":{"start":{"line":4,"column":4},"end":{"line":17,"column":5}},"2":{"start":{"line":5,"column":25},"end":{"line":5,"column":43}},"3":{"start":{"line":6,"column":23},"end":{"line":6,"column":31}},"4":{"start":{"line":8,"column":26},"end":{"line":8,"column":53}},"5":{"start":{"line":9,"column":8},"end":{"line":11,"column":9}},"6":{"start":{"line":10,"column":12},"end":{"line":10,"column":74}},"7":{"start":{"line":12,"column":26},"end":{"line":12,"column":47}},"8":{"start":{"line":13,"column":8},"end":{"line":13,"column":40}},"9":{"start":{"line":15,"column":8},"end":{"line":15,"column":63}},"10":{"start":{"line":20,"column":21},"end":{"line":31,"column":1}},"11":{"start":{"line":21,"column":4},"end":{"line":30,"column":5}},"12":{"start":{"line":22,"column":22},"end":{"line":22,"column":39}},"13":{"start":{"line":23,"column":8},"end":{"line":25,"column":9}},"14":{"start":{"line":24,"column":12},"end":{"line":24,"column":70}},"15":{"start":{"line":26,"column":8},"end":{"line":26,"column":36}},"16":{"start":{"line":28,"column":8},"end":{"line":28,"column":63}},"17":{"start":{"line":33,"column":22},"end":{"line":48,"column":1}},"18":{"start":{"line":34,"column":4},"end":{"line":47,"column":5}},"19":{"start":{"line":35,"column":19},"end":{"line":35,"column":32}},"20":{"start":{"line":36,"column":26},"end":{"line":36,"column":54}},"21":{"start":{"line":37,"column":8},"end":{"line":39,"column":9}},"22":{"start":{"line":38,"column":12},"end":{"line":38,"column":70}},"23":{"start":{"line":40,"column":27},"end":{"line":42,"column":10}},"24":{"start":{"line":43,"column":8},"end":{"line":43,"column":41}},"25":{"start":{"line":45,"column":8},"end":{"line":45,"column":63}},"26":{"start":{"line":50,"column":26},"end":{"line":63,"column":1}},"27":{"start":{"line":51,"column":4},"end":{"line":62,"column":5}},"28":{"start":{"line":52,"column":19},"end":{"line":52,"column":32}},"29":{"start":{"line":53,"column":26},"end":{"line":53,"column":54}},"30":{"start":{"line":54,"column":8},"end":{"line":56,"column":9}},"31":{"start":{"line":55,"column":12},"end":{"line":55,"column":70}},"32":{"start":{"line":57,"column":8},"end":{"line":57,"column":41}},"33":{"start":{"line":58,"column":8},"end":{"line":58,"column":70}},"34":{"start":{"line":60,"column":8},"end":{"line":60,"column":63}},"35":{"start":{"line":65,"column":30},"end":{"line":74,"column":3}},"36":{"start":{"line":66,"column":4},"end":{"line":73,"column":5}},"37":{"start":{"line":67,"column":19},"end":{"line":67,"column":55}},"38":{"start":{"line":68,"column":6},"end":{"line":68,"column":74}},"39":{"start":{"line":68,"column":17},"end":{"line":68,"column":74}},"40":{"start":{"line":70,"column":6},"end":{"line":70,"column":25}},"41":{"start":{"line":72,"column":6},"end":{"line":72,"column":90}}},"fnMap":{"0":{"name":"(anonymous_0)","decl":{"start":{"line":3,"column":22},"end":{"line":3,"column":23}},"loc":{"start":{"line":3,"column":42},"end":{"line":18,"column":1}},"line":3},"1":{"name":"(anonymous_1)","decl":{"start":{"line":20,"column":21},"end":{"line":20,"column":22}},"loc":{"start":{"line":20,"column":41},"end":{"line":31,"column":1}},"line":20},"2":{"name":"(anonymous_2)","decl":{"start":{"line":33,"column":22},"end":{"line":33,"column":23}},"loc":{"start":{"line":33,"column":42},"end":{"line":48,"column":1}},"line":33},"3":{"name":"(anonymous_3)","decl":{"start":{"line":50,"column":26},"end":{"line":50,"column":27}},"loc":{"start":{"line":50,"column":46},"end":{"line":63,"column":1}},"line":50},"4":{"name":"(anonymous_4)","decl":{"start":{"line":65,"column":30},"end":{"line":65,"column":31}},"loc":{"start":{"line":65,"column":50},"end":{"line":74,"column":3}},"line":65}},"branchMap":{"0":{"loc":{"start":{"line":9,"column":8},"end":{"line":11,"column":9}},"type":"if","locations":[{"start":{"line":9,"column":8},"end":{"line":11,"column":9}},{"start":{},"end":{}}],"line":9},"1":{"loc":{"start":{"line":23,"column":8},"end":{"line":25,"column":9}},"type":"if","locations":[{"start":{"line":23,"column":8},"end":{"line":25,"column":9}},{"start":{},"end":{}}],"line":23},"2":{"loc":{"start":{"line":37,"column":8},"end":{"line":39,"column":9}},"type":"if","locations":[{"start":{"line":37,"column":8},"end":{"line":39,"column":9}},{"start":{},"end":{}}],"line":37},"3":{"loc":{"start":{"line":54,"column":8},"end":{"line":56,"column":9}},"type":"if","locations":[{"start":{"line":54,"column":8},"end":{"line":56,"column":9}},{"start":{},"end":{}}],"line":54},"4":{"loc":{"start":{"line":68,"column":6},"end":{"line":68,"column":74}},"type":"if","locations":[{"start":{"line":68,"column":6},"end":{"line":68,"column":74}},{"start":{},"end":{}}],"line":68}},"s":{"0":12,"1":0,"2":0,"3":0,"4":0,"5":0,"6":0,"7":0,"8":0,"9":0,"10":12,"11":1,"12":1,"13":1,"14":0,"15":1,"16":0,"17":12,"18":0,"19":0,"20":0,"21":0,"22":0,"23":0,"24":0,"25":0,"26":12,"27":0,"28":0,"29":0,"30":0,"31":0,"32":0,"33":0,"34":0,"35":12,"36":0,"37":0,"38":0,"39":0,"40":0,"41":0},"f":{"0":0,"1":1,"2":0,"3":0,"4":0},"b":{"0":[0,0],"1":[0,1],"2":[0,0],"3":[0,0],"4":[0,0]},"_coverageSchema":"1a1c01bbd47fc00a2c39e90264f33305004495a9","hash":"7fa04bbbd48aa6d251765973da09d1cc172bab15"}
,"E:\\SLIIT\\3rd_Year\\1st Semester\\AF\\project-shaniranasinghe\\jobs\\recurringTransactionJob.js": {"path":"E:\\SLIIT\\3rd_Year\\1st Semester\\AF\\project-shaniranasinghe\\jobs\\recurringTransactionJob.js","statementMap":{"0":{"start":{"line":6,"column":0},"end":{"line":9,"column":3}},"1":{"start":{"line":7,"column":2},"end":{"line":7,"column":54}},"2":{"start":{"line":8,"column":2},"end":{"line":8,"column":39}}},"fnMap":{"0":{"name":"(anonymous_0)","decl":{"start":{"line":6,"column":27},"end":{"line":6,"column":28}},"loc":{"start":{"line":6,"column":39},"end":{"line":9,"column":1}},"line":6}},"branchMap":{},"s":{"0":12,"1":0,"2":0},"f":{"0":0},"b":{},"_coverageSchema":"1a1c01bbd47fc00a2c39e90264f33305004495a9","hash":"6dfe3264e0585acc681301c6ae25a44fd5ccc153"}
,"E:\\SLIIT\\3rd_Year\\1st Semester\\AF\\project-shaniranasinghe\\middleware\\authMiddleware.js": {"path":"E:\\SLIIT\\3rd_Year\\1st Semester\\AF\\project-shaniranasinghe\\middleware\\authMiddleware.js","statementMap":{"0":{"start":{"line":3,"column":28},"end":{"line":19,"column":1}},"1":{"start":{"line":4,"column":21},"end":{"line":4,"column":49}},"2":{"start":{"line":6,"column":2},"end":{"line":8,"column":3}},"3":{"start":{"line":7,"column":4},"end":{"line":7,"column":82}},"4":{"start":{"line":10,"column":16},"end":{"line":10,"column":40}},"5":{"start":{"line":12,"column":2},"end":{"line":18,"column":5}},"6":{"start":{"line":13,"column":4},"end":{"line":15,"column":5}},"7":{"start":{"line":14,"column":6},"end":{"line":14,"column":68}},"8":{"start":{"line":16,"column":4},"end":{"line":16,"column":59}},"9":{"start":{"line":17,"column":4},"end":{"line":17,"column":11}},"10":{"start":{"line":21,"column":29},"end":{"line":26,"column":1}},"11":{"start":{"line":21,"column":40},"end":{"line":26,"column":1}},"12":{"start":{"line":22,"column":2},"end":{"line":24,"column":3}},"13":{"start":{"line":23,"column":4},"end":{"line":23,"column":82}},"14":{"start":{"line":25,"column":2},"end":{"line":25,"column":9}},"15":{"start":{"line":28,"column":23},"end":{"line":41,"column":1}},"16":{"start":{"line":29,"column":16},"end":{"line":29,"column":67}},"17":{"start":{"line":30,"column":2},"end":{"line":32,"column":3}},"18":{"start":{"line":31,"column":4},"end":{"line":31,"column":67}},"19":{"start":{"line":34,"column":2},"end":{"line":40,"column":3}},"20":{"start":{"line":35,"column":20},"end":{"line":35,"column":61}},"21":{"start":{"line":36,"column":4},"end":{"line":36,"column":39}},"22":{"start":{"line":37,"column":4},"end":{"line":37,"column":11}},"23":{"start":{"line":39,"column":4},"end":{"line":39,"column":54}},"24":{"start":{"line":43,"column":33},"end":{"line":62,"column":1}},"25":{"start":{"line":44,"column":16},"end":{"line":44,"column":56}},"26":{"start":{"line":46,"column":2},"end":{"line":48,"column":3}},"27":{"start":{"line":47,"column":4},"end":{"line":47,"column":80}},"28":{"start":{"line":50,"column":2},"end":{"line":61,"column":3}},"29":{"start":{"line":51,"column":20},"end":{"line":51,"column":61}},"30":{"start":{"line":52,"column":4},"end":{"line":52,"column":23}},"31":{"start":{"line":54,"column":4},"end":{"line":58,"column":5}},"32":{"start":{"line":55,"column":6},"end":{"line":55,"column":13}},"33":{"start":{"line":57,"column":6},"end":{"line":57,"column":69}},"34":{"start":{"line":60,"column":4},"end":{"line":60,"column":68}}},"fnMap":{"0":{"name":"(anonymous_0)","decl":{"start":{"line":3,"column":28},"end":{"line":3,"column":29}},"loc":{"start":{"line":3,"column":48},"end":{"line":19,"column":1}},"line":3},"1":{"name":"(anonymous_1)","decl":{"start":{"line":12,"column":44},"end":{"line":12,"column":45}},"loc":{"start":{"line":12,"column":62},"end":{"line":18,"column":3}},"line":12},"2":{"name":"(anonymous_2)","decl":{"start":{"line":21,"column":29},"end":{"line":21,"column":30}},"loc":{"start":{"line":21,"column":40},"end":{"line":26,"column":1}},"line":21},"3":{"name":"(anonymous_3)","decl":{"start":{"line":21,"column":40},"end":{"line":21,"column":41}},"loc":{"start":{"line":21,"column":60},"end":{"line":26,"column":1}},"line":21},"4":{"name":"(anonymous_4)","decl":{"start":{"line":28,"column":23},"end":{"line":28,"column":24}},"loc":{"start":{"line":28,"column":43},"end":{"line":41,"column":1}},"line":28},"5":{"name":"(anonymous_5)","decl":{"start":{"line":43,"column":33},"end":{"line":43,"column":34}},"loc":{"start":{"line":43,"column":53},"end":{"line":62,"column":1}},"line":43}},"branchMap":{"0":{"loc":{"start":{"line":6,"column":2},"end":{"line":8,"column":3}},"type":"if","locations":[{"start":{"line":6,"column":2},"end":{"line":8,"column":3}},{"start":{},"end":{}}],"line":6},"1":{"loc":{"start":{"line":6,"column":6},"end":{"line":6,"column":54}},"type":"binary-expr","locations":[{"start":{"line":6,"column":6},"end":{"line":6,"column":17}},{"start":{"line":6,"column":21},"end":{"line":6,"column":54}}],"line":6},"2":{"loc":{"start":{"line":13,"column":4},"end":{"line":15,"column":5}},"type":"if","locations":[{"start":{"line":13,"column":4},"end":{"line":15,"column":5}},{"start":{},"end":{}}],"line":13},"3":{"loc":{"start":{"line":22,"column":2},"end":{"line":24,"column":3}},"type":"if","locations":[{"start":{"line":22,"column":2},"end":{"line":24,"column":3}},{"start":{},"end":{}}],"line":22},"4":{"loc":{"start":{"line":30,"column":2},"end":{"line":32,"column":3}},"type":"if","locations":[{"start":{"line":30,"column":2},"end":{"line":32,"column":3}},{"start":{},"end":{}}],"line":30},"5":{"loc":{"start":{"line":46,"column":2},"end":{"line":48,"column":3}},"type":"if","locations":[{"start":{"line":46,"column":2},"end":{"line":48,"column":3}},{"start":{},"end":{}}],"line":46},"6":{"loc":{"start":{"line":54,"column":4},"end":{"line":58,"column":5}},"type":"if","locations":[{"start":{"line":54,"column":4},"end":{"line":58,"column":5}},{"start":{"line":56,"column":11},"end":{"line":58,"column":5}}],"line":54}},"s":{"0":12,"1":13,"2":13,"3":0,"4":13,"5":13,"6":13,"7":2,"8":11,"9":11,"10":12,"11":216,"12":4,"13":0,"14":4,"15":12,"16":0,"17":0,"18":0,"19":0,"20":0,"21":0,"22":0,"23":0,"24":12,"25":0,"26":0,"27":0,"28":0,"29":0,"30":0,"31":0,"32":0,"33":0,"34":0},"f":{"0":13,"1":13,"2":216,"3":4,"4":0,"5":0},"b":{"0":[0,13],"1":[13,13],"2":[2,11],"3":[0,4],"4":[0,0],"5":[0,0],"6":[0,0]},"_coverageSchema":"1a1c01bbd47fc00a2c39e90264f33305004495a9","hash":"d085007e91d79287e6335a4bbc76a7b684ab4934"}
,"E:\\SLIIT\\3rd_Year\\1st Semester\\AF\\project-shaniranasinghe\\model\\NotificationModel.js": {"path":"E:\\SLIIT\\3rd_Year\\1st Semester\\AF\\project-shaniranasinghe\\model\\NotificationModel.js","statementMap":{"0":{"start":{"line":3,"column":27},"end":{"line":40,"column":2}}},"fnMap":{},"branchMap":{},"s":{"0":12},"f":{},"b":{},"_coverageSchema":"1a1c01bbd47fc00a2c39e90264f33305004495a9","hash":"8b3ae733b7f2be3d9dfcf77bcaf9917bdc6eb9f4"}
,"E:\\SLIIT\\3rd_Year\\1st Semester\\AF\\project-shaniranasinghe\\model\\authModel.js": {"path":"E:\\SLIIT\\3rd_Year\\1st Semester\\AF\\project-shaniranasinghe\\model\\authModel.js","statementMap":{"0":{"start":{"line":4,"column":19},"end":{"line":10,"column":2}},"1":{"start":{"line":12,"column":0},"end":{"line":14,"column":2}},"2":{"start":{"line":13,"column":2},"end":{"line":13,"column":49}},"3":{"start":{"line":16,"column":13},"end":{"line":16,"column":71}}},"fnMap":{"0":{"name":"(anonymous_0)","decl":{"start":{"line":12,"column":37},"end":{"line":12,"column":38}},"loc":{"start":{"line":12,"column":57},"end":{"line":14,"column":1}},"line":12}},"branchMap":{"0":{"loc":{"start":{"line":16,"column":13},"end":{"line":16,"column":71}},"type":"binary-expr","locations":[{"start":{"line":16,"column":13},"end":{"line":16,"column":33}},{"start":{"line":16,"column":37},"end":{"line":16,"column":71}}],"line":16}},"s":{"0":12,"1":12,"2":0,"3":12},"f":{"0":0},"b":{"0":[12,12]},"_coverageSchema":"1a1c01bbd47fc00a2c39e90264f33305004495a9","hash":"cb2b13bafe457c34338009bf25d6c42889fb59a2"}
,"E:\\SLIIT\\3rd_Year\\1st Semester\\AF\\project-shaniranasinghe\\model\\budgetModel.js": {"path":"E:\\SLIIT\\3rd_Year\\1st Semester\\AF\\project-shaniranasinghe\\model\\budgetModel.js","statementMap":{"0":{"start":{"line":3,"column":21},"end":{"line":35,"column":2}},"1":{"start":{"line":37,"column":15},"end":{"line":37,"column":53}}},"fnMap":{},"branchMap":{},"s":{"0":12,"1":12},"f":{},"b":{},"_coverageSchema":"1a1c01bbd47fc00a2c39e90264f33305004495a9","hash":"2aeb7792491e38bc981338500830eac74a2c0c7e"}
,"E:\\SLIIT\\3rd_Year\\1st Semester\\AF\\project-shaniranasinghe\\model\\goalModel.js": {"path":"E:\\SLIIT\\3rd_Year\\1st Semester\\AF\\project-shaniranasinghe\\model\\goalModel.js","statementMap":{"0":{"start":{"line":3,"column":19},"end":{"line":12,"column":2}},"1":{"start":{"line":14,"column":13},"end":{"line":14,"column":47}}},"fnMap":{},"branchMap":{},"s":{"0":12,"1":12},"f":{},"b":{},"_coverageSchema":"1a1c01bbd47fc00a2c39e90264f33305004495a9","hash":"30f8845f23e63f6961530c8f9d254786e529adb2"}
,"E:\\SLIIT\\3rd_Year\\1st Semester\\AF\\project-shaniranasinghe\\model\\systemSettingsModel.js": {"path":"E:\\SLIIT\\3rd_Year\\1st Semester\\AF\\project-shaniranasinghe\\model\\systemSettingsModel.js","statementMap":{"0":{"start":{"line":3,"column":29},"end":{"line":19,"column":2}},"1":{"start":{"line":15,"column":6},"end":{"line":15,"column":45}},"2":{"start":{"line":15,"column":32},"end":{"line":15,"column":45}},"3":{"start":{"line":16,"column":6},"end":{"line":16,"column":44}},"4":{"start":{"line":21,"column":23},"end":{"line":21,"column":77}}},"fnMap":{"0":{"name":"(anonymous_0)","decl":{"start":{"line":13,"column":9},"end":{"line":13,"column":10}},"loc":{"start":{"line":13,"column":20},"end":{"line":17,"column":5}},"line":13}},"branchMap":{"0":{"loc":{"start":{"line":15,"column":6},"end":{"line":15,"column":45}},"type":"if","locations":[{"start":{"line":15,"column":6},"end":{"line":15,"column":45}},{"start":{},"end":{}}],"line":15}},"s":{"0":12,"1":0,"2":0,"3":0,"4":12},"f":{"0":0},"b":{"0":[0,0]},"_coverageSchema":"1a1c01bbd47fc00a2c39e90264f33305004495a9","hash":"e865116ddb12a02f99928b262548a1a5f56ae0c6"}
,"E:\\SLIIT\\3rd_Year\\1st Semester\\AF\\project-shaniranasinghe\\model\\transactionModel.js": {"path":"E:\\SLIIT\\3rd_Year\\1st Semester\\AF\\project-shaniranasinghe\\model\\transactionModel.js","statementMap":{"0":{"start":{"line":4,"column":26},"end":{"line":30,"column":24}},"1":{"start":{"line":12,"column":12},"end":{"line":12,"column":30}},"2":{"start":{"line":33,"column":0},"end":{"line":51,"column":3}},"3":{"start":{"line":34,"column":2},"end":{"line":50,"column":3}},"4":{"start":{"line":35,"column":21},"end":{"line":35,"column":51}},"5":{"start":{"line":36,"column":4},"end":{"line":46,"column":5}},"6":{"start":{"line":38,"column":6},"end":{"line":40,"column":7}},"7":{"start":{"line":39,"column":8},"end":{"line":39,"column":71}},"8":{"start":{"line":43,"column":6},"end":{"line":45,"column":7}},"9":{"start":{"line":44,"column":8},"end":{"line":44,"column":93}},"10":{"start":{"line":47,"column":4},"end":{"line":47,"column":11}},"11":{"start":{"line":49,"column":4},"end":{"line":49,"column":16}},"12":{"start":{"line":54,"column":0},"end":{"line":61,"column":2}},"13":{"start":{"line":55,"column":16},"end":{"line":58,"column":4}},"14":{"start":{"line":60,"column":2},"end":{"line":60,"column":55}},"15":{"start":{"line":64,"column":0},"end":{"line":71,"column":2}},"16":{"start":{"line":65,"column":23},"end":{"line":68,"column":4}},"17":{"start":{"line":70,"column":2},"end":{"line":70,"column":22}}},"fnMap":{"0":{"name":"(anonymous_0)","decl":{"start":{"line":11,"column":21},"end":{"line":11,"column":22}},"loc":{"start":{"line":11,"column":38},"end":{"line":13,"column":11}},"line":11},"1":{"name":"(anonymous_1)","decl":{"start":{"line":33,"column":34},"end":{"line":33,"column":35}},"loc":{"start":{"line":33,"column":56},"end":{"line":51,"column":1}},"line":33},"2":{"name":"(anonymous_2)","decl":{"start":{"line":54,"column":51},"end":{"line":54,"column":52}},"loc":{"start":{"line":54,"column":75},"end":{"line":61,"column":1}},"line":54},"3":{"name":"(anonymous_3)","decl":{"start":{"line":64,"column":54},"end":{"line":64,"column":55}},"loc":{"start":{"line":64,"column":78},"end":{"line":71,"column":1}},"line":64}},"branchMap":{"0":{"loc":{"start":{"line":36,"column":4},"end":{"line":46,"column":5}},"type":"if","locations":[{"start":{"line":36,"column":4},"end":{"line":46,"column":5}},{"start":{},"end":{}}],"line":36},"1":{"loc":{"start":{"line":38,"column":6},"end":{"line":40,"column":7}},"type":"if","locations":[{"start":{"line":38,"column":6},"end":{"line":40,"column":7}},{"start":{},"end":{}}],"line":38},"2":{"loc":{"start":{"line":43,"column":6},"end":{"line":45,"column":7}},"type":"if","locations":[{"start":{"line":43,"column":6},"end":{"line":45,"column":7}},{"start":{},"end":{}}],"line":43},"3":{"loc":{"start":{"line":60,"column":9},"end":{"line":60,"column":54}},"type":"cond-expr","locations":[{"start":{"line":60,"column":28},"end":{"line":60,"column":50}},{"start":{"line":60,"column":53},"end":{"line":60,"column":54}}],"line":60}},"s":{"0":12,"1":0,"2":12,"3":0,"4":0,"5":0,"6":0,"7":0,"8":0,"9":0,"10":0,"11":0,"12":12,"13":0,"14":0,"15":12,"16":0,"17":0},"f":{"0":0,"1":0,"2":0,"3":0},"b":{"0":[0,0],"1":[0,0],"2":[0,0],"3":[0,0]},"_coverageSchema":"1a1c01bbd47fc00a2c39e90264f33305004495a9","hash":"eacf1154388560f8a8e6e73007b13d266e2fc970"}
,"E:\\SLIIT\\3rd_Year\\1st Semester\\AF\\project-shaniranasinghe\\model\\userModel.js": {"path":"E:\\SLIIT\\3rd_Year\\1st Semester\\AF\\project-shaniranasinghe\\model\\userModel.js","statementMap":{"0":{"start":{"line":4,"column":19},"end":{"line":10,"column":2}},"1":{"start":{"line":13,"column":0},"end":{"line":17,"column":3}},"2":{"start":{"line":14,"column":2},"end":{"line":14,"column":50}},"3":{"start":{"line":14,"column":36},"end":{"line":14,"column":50}},"4":{"start":{"line":15,"column":2},"end":{"line":15,"column":55}},"5":{"start":{"line":16,"column":2},"end":{"line":16,"column":9}},"6":{"start":{"line":20,"column":0},"end":{"line":22,"column":2}},"7":{"start":{"line":21,"column":2},"end":{"line":21,"column":49}}},"fnMap":{"0":{"name":"(anonymous_0)","decl":{"start":{"line":13,"column":23},"end":{"line":13,"column":24}},"loc":{"start":{"line":13,"column":45},"end":{"line":17,"column":1}},"line":13},"1":{"name":"(anonymous_1)","decl":{"start":{"line":20,"column":37},"end":{"line":20,"column":38}},"loc":{"start":{"line":20,"column":57},"end":{"line":22,"column":1}},"line":20}},"branchMap":{"0":{"loc":{"start":{"line":14,"column":2},"end":{"line":14,"column":50}},"type":"if","locations":[{"start":{"line":14,"column":2},"end":{"line":14,"column":50}},{"start":{},"end":{}}],"line":14}},"s":{"0":12,"1":12,"2":0,"3":0,"4":0,"5":0,"6":12,"7":0},"f":{"0":0,"1":0},"b":{"0":[0,0]},"_coverageSchema":"1a1c01bbd47fc00a2c39e90264f33305004495a9","hash":"59975b1c941c8d0cb7ce7253254e2a9c25011e3d"}
,"E:\\SLIIT\\3rd_Year\\1st Semester\\AF\\project-shaniranasinghe\\routes\\authRoute.js": {"path":"E:\\SLIIT\\3rd_Year\\1st Semester\\AF\\project-shaniranasinghe\\routes\\authRoute.js","statementMap":{"0":{"start":{"line":6,"column":19},"end":{"line":6,"column":35}},"1":{"start":{"line":9,"column":0},"end":{"line":9,"column":39}},"2":{"start":{"line":10,"column":0},"end":{"line":10,"column":45}},"3":{"start":{"line":11,"column":0},"end":{"line":11,"column":33}},"4":{"start":{"line":14,"column":0},"end":{"line":16,"column":3}},"5":{"start":{"line":15,"column":2},"end":{"line":15,"column":43}}},"fnMap":{"0":{"name":"(anonymous_0)","decl":{"start":{"line":14,"column":65},"end":{"line":14,"column":66}},"loc":{"start":{"line":14,"column":79},"end":{"line":16,"column":1}},"line":14}},"branchMap":{},"s":{"0":12,"1":12,"2":12,"3":12,"4":12,"5":0},"f":{"0":0},"b":{},"_coverageSchema":"1a1c01bbd47fc00a2c39e90264f33305004495a9","hash":"8f531f26ddd67de10dfc8f7b44dedce0347b8916"}
,"E:\\SLIIT\\3rd_Year\\1st Semester\\AF\\project-shaniranasinghe\\routes\\budgetRoute.js": {"path":"E:\\SLIIT\\3rd_Year\\1st Semester\\AF\\project-shaniranasinghe\\routes\\budgetRoute.js","statementMap":{"0":{"start":{"line":13,"column":15},"end":{"line":13,"column":31}},"1":{"start":{"line":16,"column":0},"end":{"line":16,"column":75}},"2":{"start":{"line":19,"column":0},"end":{"line":19,"column":75}},"3":{"start":{"line":22,"column":0},"end":{"line":22,"column":80}},"4":{"start":{"line":25,"column":0},"end":{"line":25,"column":83}},"5":{"start":{"line":28,"column":0},"end":{"line":28,"column":48}},"6":{"start":{"line":30,"column":0},"end":{"line":30,"column":51}},"7":{"start":{"line":31,"column":0},"end":{"line":31,"column":48}}},"fnMap":{},"branchMap":{},"s":{"0":12,"1":12,"2":12,"3":12,"4":12,"5":12,"6":12,"7":12},"f":{},"b":{},"_coverageSchema":"1a1c01bbd47fc00a2c39e90264f33305004495a9","hash":"d83d8949c52a26e050c7ea7ca7d0a4579bed617c"}
,"E:\\SLIIT\\3rd_Year\\1st Semester\\AF\\project-shaniranasinghe\\routes\\dashboardRoute.js": {"path":"E:\\SLIIT\\3rd_Year\\1st Semester\\AF\\project-shaniranasinghe\\routes\\dashboardRoute.js","statementMap":{"0":{"start":{"line":5,"column":15},"end":{"line":5,"column":31}},"1":{"start":{"line":8,"column":0},"end":{"line":8,"column":80}},"2":{"start":{"line":11,"column":0},"end":{"line":11,"column":85}}},"fnMap":{},"branchMap":{},"s":{"0":12,"1":12,"2":12},"f":{},"b":{},"_coverageSchema":"1a1c01bbd47fc00a2c39e90264f33305004495a9","hash":"9e860bf541233c5e3fcc3471944a3119d7bfcbb2"}
,"E:\\SLIIT\\3rd_Year\\1st Semester\\AF\\project-shaniranasinghe\\routes\\goalRoute.js": {"path":"E:\\SLIIT\\3rd_Year\\1st Semester\\AF\\project-shaniranasinghe\\routes\\goalRoute.js","statementMap":{"0":{"start":{"line":6,"column":15},"end":{"line":6,"column":31}},"1":{"start":{"line":8,"column":0},"end":{"line":8,"column":49}},"2":{"start":{"line":9,"column":0},"end":{"line":9,"column":40}},"3":{"start":{"line":10,"column":0},"end":{"line":10,"column":45}},"4":{"start":{"line":11,"column":0},"end":{"line":11,"column":48}},"5":{"start":{"line":12,"column":0},"end":{"line":12,"column":55}},"6":{"start":{"line":13,"column":0},"end":{"line":13,"column":48}}},"fnMap":{},"branchMap":{},"s":{"0":12,"1":12,"2":12,"3":12,"4":12,"5":12,"6":12},"f":{},"b":{},"_coverageSchema":"1a1c01bbd47fc00a2c39e90264f33305004495a9","hash":"f465176e88fd67dee3806ea0215e74af0282ea70"}
,"E:\\SLIIT\\3rd_Year\\1st Semester\\AF\\project-shaniranasinghe\\routes\\notificationRoute.js": {"path":"E:\\SLIIT\\3rd_Year\\1st Semester\\AF\\project-shaniranasinghe\\routes\\notificationRoute.js","statementMap":{"0":{"start":{"line":5,"column":15},"end":{"line":5,"column":31}},"1":{"start":{"line":8,"column":0},"end":{"line":8,"column":81}}},"fnMap":{},"branchMap":{},"s":{"0":12,"1":12},"f":{},"b":{},"_coverageSchema":"1a1c01bbd47fc00a2c39e90264f33305004495a9","hash":"9807d7088d727985786ad8f31a64b95cccec8146"}
,"E:\\SLIIT\\3rd_Year\\1st Semester\\AF\\project-shaniranasinghe\\routes\\reportRoute.js": {"path":"E:\\SLIIT\\3rd_Year\\1st Semester\\AF\\project-shaniranasinghe\\routes\\reportRoute.js","statementMap":{"0":{"start":{"line":10,"column":15},"end":{"line":10,"column":31}},"1":{"start":{"line":13,"column":0},"end":{"line":13,"column":55}},"2":{"start":{"line":16,"column":0},"end":{"line":16,"column":62}},"3":{"start":{"line":19,"column":0},"end":{"line":19,"column":58}},"4":{"start":{"line":22,"column":0},"end":{"line":22,"column":80}}},"fnMap":{},"branchMap":{},"s":{"0":12,"1":12,"2":12,"3":12,"4":12},"f":{},"b":{},"_coverageSchema":"1a1c01bbd47fc00a2c39e90264f33305004495a9","hash":"00d6883c3b324ade43ea09163bdd3a2453b48892"}
,"E:\\SLIIT\\3rd_Year\\1st Semester\\AF\\project-shaniranasinghe\\routes\\systemSettingsRoute.js": {"path":"E:\\SLIIT\\3rd_Year\\1st Semester\\AF\\project-shaniranasinghe\\routes\\systemSettingsRoute.js","statementMap":{"0":{"start":{"line":5,"column":15},"end":{"line":5,"column":31}},"1":{"start":{"line":8,"column":0},"end":{"line":8,"column":82}},"2":{"start":{"line":11,"column":0},"end":{"line":11,"column":49}}},"fnMap":{},"branchMap":{},"s":{"0":12,"1":12,"2":12},"f":{},"b":{},"_coverageSchema":"1a1c01bbd47fc00a2c39e90264f33305004495a9","hash":"5c275fd4b7c8cc5df0012fc2bd1b53ee497c2544"}
,"E:\\SLIIT\\3rd_Year\\1st Semester\\AF\\project-shaniranasinghe\\routes\\transactionRoute.js": {"path":"E:\\SLIIT\\3rd_Year\\1st Semester\\AF\\project-shaniranasinghe\\routes\\transactionRoute.js","statementMap":{"0":{"start":{"line":18,"column":15},"end":{"line":18,"column":31}},"1":{"start":{"line":21,"column":0},"end":{"line":21,"column":83}},"2":{"start":{"line":22,"column":0},"end":{"line":22,"column":80}},"3":{"start":{"line":23,"column":0},"end":{"line":23,"column":85}},"4":{"start":{"line":24,"column":0},"end":{"line":24,"column":88}},"5":{"start":{"line":25,"column":0},"end":{"line":25,"column":71}},"6":{"start":{"line":26,"column":0},"end":{"line":26,"column":56}},"7":{"start":{"line":27,"column":0},"end":{"line":27,"column":68}},"8":{"start":{"line":28,"column":0},"end":{"line":28,"column":65}},"9":{"start":{"line":29,"column":0},"end":{"line":29,"column":61}},"10":{"start":{"line":30,"column":0},"end":{"line":30,"column":48}},"11":{"start":{"line":33,"column":0},"end":{"line":33,"column":85}},"12":{"start":{"line":36,"column":0},"end":{"line":36,"column":66}}},"fnMap":{},"branchMap":{},"s":{"0":12,"1":12,"2":12,"3":12,"4":12,"5":12,"6":12,"7":12,"8":12,"9":12,"10":12,"11":12,"12":12},"f":{},"b":{},"_coverageSchema":"1a1c01bbd47fc00a2c39e90264f33305004495a9","hash":"6d22c7dd0bbbd51c7b9fc29143d0a8db136ff616"}
,"E:\\SLIIT\\3rd_Year\\1st Semester\\AF\\project-shaniranasinghe\\routes\\userRoute.js": {"path":"E:\\SLIIT\\3rd_Year\\1st Semester\\AF\\project-shaniranasinghe\\routes\\userRoute.js","statementMap":{"0":{"start":{"line":5,"column":14},"end":{"line":5,"column":30}},"1":{"start":{"line":8,"column":0},"end":{"line":8,"column":70}},"2":{"start":{"line":9,"column":0},"end":{"line":9,"column":73}},"3":{"start":{"line":10,"column":0},"end":{"line":10,"column":73}},"4":{"start":{"line":11,"column":0},"end":{"line":11,"column":80}},"5":{"start":{"line":12,"column":0},"end":{"line":12,"column":52}}},"fnMap":{},"branchMap":{},"s":{"0":12,"1":12,"2":12,"3":12,"4":12,"5":12},"f":{},"b":{},"_coverageSchema":"1a1c01bbd47fc00a2c39e90264f33305004495a9","hash":"67c2b866e775f2f40aa1a56502141eee6683ec33"}
,"E:\\SLIIT\\3rd_Year\\1st Semester\\AF\\project-shaniranasinghe\\test\\setupTestDB.js": {"path":"E:\\SLIIT\\3rd_Year\\1st Semester\\AF\\project-shaniranasinghe\\test\\setupTestDB.js","statementMap":{"0":{"start":{"line":6,"column":0},"end":{"line":11,"column":3}},"1":{"start":{"line":7,"column":2},"end":{"line":7,"column":25}},"2":{"start":{"line":8,"column":2},"end":{"line":8,"column":49}},"3":{"start":{"line":9,"column":19},"end":{"line":9,"column":39}},"4":{"start":{"line":10,"column":2},"end":{"line":10,"column":35}},"5":{"start":{"line":13,"column":0},"end":{"line":18,"column":3}},"6":{"start":{"line":14,"column":22},"end":{"line":14,"column":64}},"7":{"start":{"line":15,"column":2},"end":{"line":17,"column":3}},"8":{"start":{"line":16,"column":4},"end":{"line":16,"column":36}},"9":{"start":{"line":20,"column":0},"end":{"line":24,"column":3}},"10":{"start":{"line":21,"column":2},"end":{"line":21,"column":43}},"11":{"start":{"line":22,"column":2},"end":{"line":22,"column":36}},"12":{"start":{"line":23,"column":2},"end":{"line":23,"column":27}}},"fnMap":{"0":{"name":"(anonymous_0)","decl":{"start":{"line":6,"column":10},"end":{"line":6,"column":11}},"loc":{"start":{"line":6,"column":22},"end":{"line":11,"column":1}},"line":6},"1":{"name":"(anonymous_1)","decl":{"start":{"line":13,"column":10},"end":{"line":13,"column":11}},"loc":{"start":{"line":13,"column":22},"end":{"line":18,"column":1}},"line":13},"2":{"name":"(anonymous_2)","decl":{"start":{"line":20,"column":9},"end":{"line":20,"column":10}},"loc":{"start":{"line":20,"column":21},"end":{"line":24,"column":1}},"line":20}},"branchMap":{},"s":{"0":10,"1":10,"2":10,"3":10,"4":10,"5":10,"6":12,"7":12,"8":54,"9":10,"10":10,"11":10,"12":10},"f":{"0":10,"1":12,"2":10},"b":{},"_coverageSchema":"1a1c01bbd47fc00a2c39e90264f33305004495a9","hash":"27dcbe68befc058d09fdfc03ff8b194d78c817f4"}
,"E:\\SLIIT\\3rd_Year\\1st Semester\\AF\\project-shaniranasinghe\\utils\\currencyUtils.js": {"path":"E:\\SLIIT\\3rd_Year\\1st Semester\\AF\\project-shaniranasinghe\\utils\\currencyUtils.js","statementMap":{"0":{"start":{"line":4,"column":25},"end":{"line":4,"column":70}},"1":{"start":{"line":7,"column":31},"end":{"line":23,"column":1}},"2":{"start":{"line":8,"column":2},"end":{"line":8,"column":49}},"3":{"start":{"line":8,"column":35},"end":{"line":8,"column":49}},"4":{"start":{"line":10,"column":2},"end":{"line":22,"column":3}},"5":{"start":{"line":11,"column":21},"end":{"line":11,"column":74}},"6":{"start":{"line":12,"column":26},"end":{"line":12,"column":45}},"7":{"start":{"line":14,"column":4},"end":{"line":16,"column":5}},"8":{"start":{"line":15,"column":6},"end":{"line":15,"column":49}},"9":{"start":{"line":18,"column":28},"end":{"line":18,"column":62}},"10":{"start":{"line":19,"column":4},"end":{"line":19,"column":27}},"11":{"start":{"line":21,"column":4},"end":{"line":21,"column":50}}},"fnMap":{"0":{"name":"(anonymous_0)","decl":{"start":{"line":7,"column":31},"end":{"line":7,"column":32}},"loc":{"start":{"line":7,"column":75},"end":{"line":23,"column":1}},"line":7}},"branchMap":{"0":{"loc":{"start":{"line":8,"column":2},"end":{"line":8,"column":49}},"type":"if","locations":[{"start":{"line":8,"column":2},"end":{"line":8,"column":49}},{"start":{},"end":{}}],"line":8},"1":{"loc":{"start":{"line":14,"column":4},"end":{"line":16,"column":5}},"type":"if","locations":[{"start":{"line":14,"column":4},"end":{"line":16,"column":5}},{"start":{},"end":{}}],"line":14}},"s":{"0":12,"1":12,"2":0,"3":0,"4":0,"5":0,"6":0,"7":0,"8":0,"9":0,"10":0,"11":0},"f":{"0":0},"b":{"0":[0,0],"1":[0,0]},"_coverageSchema":"1a1c01bbd47fc00a2c39e90264f33305004495a9","hash":"4ce572ddf13bdc8bb5d6ac25e53185431361f5b5"}
,"E:\\SLIIT\\3rd_Year\\1st Semester\\AF\\project-shaniranasinghe\\utils\\dateUtils.js": {"path":"E:\\SLIIT\\3rd_Year\\1st Semester\\AF\\project-shaniranasinghe\\utils\\dateUtils.js","statementMap":{"0":{"start":{"line":3,"column":45},"end":{"line":21,"column":1}},"1":{"start":{"line":4,"column":19},"end":{"line":4,"column":40}},"2":{"start":{"line":6,"column":2},"end":{"line":18,"column":3}},"3":{"start":{"line":8,"column":6},"end":{"line":8,"column":47}},"4":{"start":{"line":9,"column":6},"end":{"line":9,"column":12}},"5":{"start":{"line":11,"column":6},"end":{"line":11,"column":47}},"6":{"start":{"line":12,"column":6},"end":{"line":12,"column":12}},"7":{"start":{"line":14,"column":6},"end":{"line":14,"column":49}},"8":{"start":{"line":15,"column":6},"end":{"line":15,"column":12}},"9":{"start":{"line":17,"column":6},"end":{"line":17,"column":52}},"10":{"start":{"line":20,"column":2},"end":{"line":20,"column":18}}},"fnMap":{"0":{"name":"(anonymous_0)","decl":{"start":{"line":3,"column":45},"end":{"line":3,"column":46}},"loc":{"start":{"line":3,"column":81},"end":{"line":21,"column":1}},"line":3}},"branchMap":{"0":{"loc":{"start":{"line":6,"column":2},"end":{"line":18,"column":3}},"type":"switch","locations":[{"start":{"line":7,"column":4},"end":{"line":9,"column":12}},{"start":{"line":10,"column":4},"end":{"line":12,"column":12}},{"start":{"line":13,"column":4},"end":{"line":15,"column":12}},{"start":{"line":16,"column":4},"end":{"line":17,"column":52}}],"line":6}},"s":{"0":12,"1":0,"2":0,"3":0,"4":0,"5":0,"6":0,"7":0,"8":0,"9":0,"10":0},"f":{"0":0},"b":{"0":[0,0,0,0]},"_coverageSchema":"1a1c01bbd47fc00a2c39e90264f33305004495a9","hash":"ce83f0a1d47650758540c0e3d3144c7a8b54ae9a"}
,"E:\\SLIIT\\3rd_Year\\1st Semester\\AF\\project-shaniranasinghe\\utils\\emailService.js": {"path":"E:\\SLIIT\\3rd_Year\\1st Semester\\AF\\project-shaniranasinghe\\utils\\emailService.js","statementMap":{"0":{"start":{"line":4,"column":25},"end":{"line":19,"column":1}},"1":{"start":{"line":5,"column":22},"end":{"line":11,"column":4}},"2":{"start":{"line":13,"column":2},"end":{"line":18,"column":5}},"3":{"start":{"line":22,"column":27},"end":{"line":35,"column":3}},"4":{"start":{"line":23,"column":22},"end":{"line":23,"column":31}},"5":{"start":{"line":24,"column":4},"end":{"line":34,"column":5}},"6":{"start":{"line":25,"column":22},"end":{"line":25,"column":63}},"7":{"start":{"line":26,"column":19},"end":{"line":26,"column":54}},"8":{"start":{"line":27,"column":6},"end":{"line":27,"column":73}},"9":{"start":{"line":27,"column":17},"end":{"line":27,"column":73}},"10":{"start":{"line":29,"column":6},"end":{"line":29,"column":29}},"11":{"start":{"line":30,"column":6},"end":{"line":30,"column":24}},"12":{"start":{"line":31,"column":6},"end":{"line":31,"column":72}},"13":{"start":{"line":33,"column":6},"end":{"line":33,"column":67}},"14":{"start":{"line":37,"column":39},"end":{"line":59,"column":3}},"15":{"start":{"line":38,"column":24},"end":{"line":44,"column":6}},"16":{"start":{"line":46,"column":24},"end":{"line":51,"column":5}},"17":{"start":{"line":53,"column":4},"end":{"line":58,"column":5}},"18":{"start":{"line":54,"column":6},"end":{"line":54,"column":46}},"19":{"start":{"line":55,"column":6},"end":{"line":55,"column":45}},"20":{"start":{"line":57,"column":6},"end":{"line":57,"column":51}}},"fnMap":{"0":{"name":"(anonymous_0)","decl":{"start":{"line":4,"column":25},"end":{"line":4,"column":26}},"loc":{"start":{"line":4,"column":54},"end":{"line":19,"column":1}},"line":4},"1":{"name":"(anonymous_1)","decl":{"start":{"line":22,"column":27},"end":{"line":22,"column":28}},"loc":{"start":{"line":22,"column":47},"end":{"line":35,"column":3}},"line":22},"2":{"name":"(anonymous_2)","decl":{"start":{"line":37,"column":39},"end":{"line":37,"column":40}},"loc":{"start":{"line":37,"column":78},"end":{"line":59,"column":3}},"line":37}},"branchMap":{"0":{"loc":{"start":{"line":27,"column":6},"end":{"line":27,"column":73}},"type":"if","locations":[{"start":{"line":27,"column":6},"end":{"line":27,"column":73}},{"start":{},"end":{}}],"line":27}},"s":{"0":12,"1":1,"2":1,"3":12,"4":0,"5":0,"6":0,"7":0,"8":0,"9":0,"10":0,"11":0,"12":0,"13":0,"14":12,"15":0,"16":0,"17":0,"18":0,"19":0,"20":0},"f":{"0":1,"1":0,"2":0},"b":{"0":[0,0]},"_coverageSchema":"1a1c01bbd47fc00a2c39e90264f33305004495a9","hash":"37ddc97469367defffe9ec05d5f2e5113dd20ff1"}
}
