TN:
SF:index.js
FN:42,(anonymous_0)
FNF:1
FNH:0
FNDA:0,(anonymous_0)
DA:16,12
DA:18,12
DA:19,12
DA:21,12
DA:22,12
DA:25,12
DA:26,0
DA:30,12
DA:31,12
DA:32,12
DA:33,12
DA:34,12
DA:35,12
DA:36,12
DA:37,12
DA:38,12
DA:41,12
DA:42,0
DA:43,0
LF:19
LH:16
BRDA:21,0,0,12
BRDA:21,0,1,0
BRDA:25,1,0,0
BRDA:25,1,1,12
BRDA:41,2,0,0
BRDA:41,2,1,12
BRF:6
BRH:3
end_of_record
TN:
SF:config\db.js
FN:3,(anonymous_0)
FNF:1
FNH:0
FNDA:0,(anonymous_0)
DA:3,12
DA:4,0
DA:5,0
DA:6,0
DA:8,0
DA:9,0
LF:6
LH:1
BRF:0
BRH:0
end_of_record
TN:
SF:controller\authController.js
FN:6,(anonymous_0)
FN:28,(anonymous_1)
FN:45,(anonymous_2)
FNF:3
FNH:1
FNDA:1,(anonymous_0)
FNDA:0,(anonymous_1)
FNDA:0,(anonymous_2)
DA:6,12
DA:7,1
DA:8,1
DA:10,1
DA:11,1
DA:13,1
DA:14,1
DA:16,1
DA:18,1
DA:19,1
DA:21,1
DA:22,1
DA:24,0
DA:28,12
DA:29,0
DA:30,0
DA:31,0
DA:33,0
DA:34,0
DA:36,0
DA:37,0
DA:39,0
DA:41,0
DA:45,12
DA:46,0
DA:47,0
DA:49,0
DA:50,0
DA:52,0
DA:53,0
DA:55,0
DA:57,0
DA:58,0
DA:60,0
LF:34
LH:14
BRDA:11,0,0,0
BRDA:11,0,1,1
BRDA:34,1,0,0
BRDA:34,1,1,0
BRDA:50,2,0,0
BRDA:50,2,1,0
BRDA:53,3,0,0
BRDA:53,3,1,0
BRDA:55,4,0,0
BRDA:55,4,1,0
BRF:10
BRH:1
end_of_record
TN:
SF:controller\budgetController.js
FN:5,(anonymous_0)
FN:43,(anonymous_1)
FN:71,(anonymous_2)
FN:75,(anonymous_3)
FN:91,(anonymous_4)
FN:97,(anonymous_5)
FN:120,(anonymous_6)
FN:136,(anonymous_7)
FN:156,(anonymous_8)
FN:171,(anonymous_9)
FNF:10
FNH:1
FNDA:0,(anonymous_0)
FNDA:0,(anonymous_1)
FNDA:0,(anonymous_2)
FNDA:0,(anonymous_3)
FNDA:1,(anonymous_4)
FNDA:0,(anonymous_5)
FNDA:0,(anonymous_6)
FNDA:0,(anonymous_7)
FNDA:0,(anonymous_8)
FNDA:0,(anonymous_9)
DA:5,12
DA:6,0
DA:7,0
DA:10,0
DA:11,0
DA:12,0
DA:16,0
DA:17,0
DA:21,0
DA:22,0
DA:23,0
DA:26,0
DA:34,0
DA:36,0
DA:38,0
DA:43,12
DA:44,0
DA:45,0
DA:47,0
DA:48,0
DA:49,0
DA:54,0
DA:55,0
DA:56,0
DA:62,0
DA:63,0
DA:71,12
DA:72,0
DA:73,0
DA:75,0
DA:76,0
DA:77,0
DA:84,0
DA:86,0
DA:91,12
DA:92,1
DA:93,1
DA:94,1
DA:96,1
DA:98,0
DA:99,0
DA:101,0
DA:102,0
DA:104,0
DA:114,1
DA:116,0
DA:120,12
DA:121,0
DA:122,0
DA:124,0
DA:125,0
DA:127,0
DA:128,0
DA:130,0
DA:132,0
DA:136,12
DA:137,0
DA:138,0
DA:139,0
DA:141,0
DA:147,0
DA:149,0
DA:151,0
DA:156,12
DA:157,0
DA:158,0
DA:160,0
DA:162,0
DA:164,0
DA:166,0
DA:171,12
DA:172,0
DA:173,0
DA:174,0
DA:175,0
DA:177,0
LF:76
LH:13
BRDA:11,0,0,0
BRDA:11,0,1,0
BRDA:16,1,0,0
BRDA:16,1,1,0
BRDA:22,2,0,0
BRDA:22,2,1,0
BRDA:22,3,0,0
BRDA:22,3,1,0
BRDA:31,4,0,0
BRDA:31,4,1,0
BRDA:47,5,0,0
BRDA:47,5,1,0
BRDA:54,6,0,0
BRDA:54,6,1,0
BRDA:125,7,0,0
BRDA:125,7,1,0
BRDA:147,8,0,0
BRDA:147,8,1,0
BRDA:162,9,0,0
BRDA:162,9,1,0
BRDA:172,10,0,0
BRDA:172,10,1,0
BRDA:174,11,0,0
BRDA:174,11,1,0
BRF:24
BRH:0
end_of_record
TN:
SF:controller\currencyController.js
FN:5,(anonymous_0)
FNF:1
FNH:1
FNDA:1,(anonymous_0)
DA:3,12
DA:5,12
DA:6,1
DA:7,1
DA:8,1
DA:9,1
DA:11,0
LF:7
LH:6
BRF:0
BRH:0
end_of_record
TN:
SF:controller\dashboardController.js
FN:7,(anonymous_0)
FN:28,(anonymous_1)
FNF:2
FNH:1
FNDA:0,(anonymous_0)
FNDA:1,(anonymous_1)
DA:7,12
DA:8,0
DA:10,0
DA:13,0
DA:18,0
DA:23,0
DA:28,12
DA:29,1
DA:30,1
DA:33,1
DA:39,1
DA:42,1
DA:45,1
DA:51,0
LF:14
LH:8
BRF:0
BRH:0
end_of_record
TN:
SF:controller\goalController.js
FN:5,(anonymous_0)
FN:37,(anonymous_1)
FN:47,(anonymous_2)
FN:61,(anonymous_3)
FN:70,(anonymous_4)
FN:73,(anonymous_5)
FNF:6
FNH:2
FNDA:1,(anonymous_0)
FNDA:1,(anonymous_1)
FNDA:0,(anonymous_2)
FNDA:0,(anonymous_3)
FNDA:0,(anonymous_4)
FNDA:0,(anonymous_5)
DA:5,12
DA:6,1
DA:7,1
DA:9,1
DA:10,1
DA:12,1
DA:13,0
DA:16,1
DA:17,0
DA:20,1
DA:27,1
DA:28,1
DA:30,0
DA:31,0
DA:37,12
DA:38,1
DA:39,1
DA:40,1
DA:42,0
DA:47,12
DA:48,0
DA:49,0
DA:54,0
DA:56,0
DA:61,12
DA:62,0
DA:63,0
DA:64,0
DA:66,0
DA:70,12
DA:71,0
DA:72,0
DA:73,0
DA:77,0
DA:79,0
LF:35
LH:17
BRDA:12,0,0,0
BRDA:12,0,1,1
BRDA:12,1,0,1
BRDA:12,1,1,1
BRDA:12,1,2,1
BRDA:16,2,0,0
BRDA:16,2,1,1
BRDA:23,3,0,1
BRDA:23,3,1,1
BRF:9
BRH:7
end_of_record
TN:
SF:controller\notificationController.js
FN:7,(anonymous_0)
FNF:1
FNH:1
FNDA:1,(anonymous_0)
DA:7,12
DA:8,1
DA:9,1
DA:12,1
DA:18,1
DA:19,1
DA:22,0
DA:24,0
DA:33,0
DA:34,0
DA:35,0
DA:39,0
DA:41,0
LF:13
LH:6
BRDA:18,0,0,1
BRDA:18,0,1,0
BRDA:34,1,0,0
BRDA:34,1,1,0
BRF:4
BRH:1
end_of_record
TN:
SF:controller\reportController.js
FN:6,(anonymous_0)
FN:42,(anonymous_1)
FN:76,(anonymous_2)
FN:98,(anonymous_3)
FN:114,(anonymous_4)
FNF:5
FNH:2
FNDA:1,(anonymous_0)
FNDA:2,(anonymous_1)
FNDA:0,(anonymous_2)
FNDA:0,(anonymous_3)
FNDA:0,(anonymous_4)
DA:6,12
DA:7,1
DA:8,1
DA:11,1
DA:12,0
DA:16,1
DA:33,1
DA:35,0
DA:42,12
DA:43,2
DA:44,2
DA:47,2
DA:48,0
DA:52,2
DA:67,2
DA:69,0
DA:76,12
DA:77,0
DA:78,0
DA:81,0
DA:82,0
DA:83,0
DA:85,0
DA:86,0
DA:89,0
DA:92,0
DA:94,0
DA:98,12
DA:99,0
DA:100,0
DA:103,0
DA:104,0
DA:105,0
DA:107,0
DA:108,0
DA:111,0
DA:114,0
DA:115,0
DA:116,0
DA:117,0
DA:118,0
DA:121,0
DA:123,0
LF:43
LH:14
BRDA:11,0,0,0
BRDA:11,0,1,1
BRDA:11,1,0,1
BRDA:11,1,1,1
BRDA:47,2,0,0
BRDA:47,2,1,2
BRDA:47,3,0,2
BRDA:47,3,1,2
BRDA:82,4,0,0
BRDA:82,4,1,0
BRDA:82,5,0,0
BRDA:82,5,1,0
BRDA:85,6,0,0
BRDA:85,6,1,0
BRDA:86,7,0,0
BRDA:86,7,1,0
BRDA:104,8,0,0
BRDA:104,8,1,0
BRDA:104,9,0,0
BRDA:104,9,1,0
BRDA:107,10,0,0
BRDA:107,10,1,0
BRDA:108,11,0,0
BRDA:108,11,1,0
BRDA:116,12,0,0
BRDA:116,12,1,0
BRF:26
BRH:6
end_of_record
TN:
SF:controller\systemSettingsController.js
FN:4,(anonymous_0)
FN:25,(anonymous_1)
FNF:2
FNH:1
FNDA:0,(anonymous_0)
FNDA:1,(anonymous_1)
DA:4,12
DA:5,0
DA:6,0
DA:8,0
DA:9,0
DA:10,0
DA:13,0
DA:14,0
DA:16,0
DA:18,0
DA:20,0
DA:25,12
DA:26,1
DA:27,1
DA:29,1
DA:30,0
DA:33,1
DA:35,0
LF:18
LH:6
BRDA:9,0,0,0
BRDA:9,0,1,0
BRDA:13,1,0,0
BRDA:13,1,1,0
BRDA:14,2,0,0
BRDA:14,2,1,0
BRDA:29,3,0,0
BRDA:29,3,1,1
BRF:8
BRH:1
end_of_record
TN:
SF:controller\transactionController.js
FN:9,(anonymous_0)
FN:79,(anonymous_1)
FN:91,(anonymous_2)
FN:118,(anonymous_3)
FN:132,(anonymous_4)
FN:150,(anonymous_5)
FN:190,(anonymous_6)
FN:227,(anonymous_7)
FN:236,(anonymous_8)
FN:246,(anonymous_9)
FN:265,(anonymous_10)
FN:269,(anonymous_11)
FN:271,(anonymous_12)
FN:290,(anonymous_13)
FN:312,(anonymous_14)
FN:328,(anonymous_15)
FN:355,(anonymous_16)
FNF:17
FNH:1
FNDA:0,(anonymous_0)
FNDA:1,(anonymous_1)
FNDA:0,(anonymous_2)
FNDA:0,(anonymous_3)
FNDA:0,(anonymous_4)
FNDA:0,(anonymous_5)
FNDA:0,(anonymous_6)
FNDA:0,(anonymous_7)
FNDA:0,(anonymous_8)
FNDA:0,(anonymous_9)
FNDA:0,(anonymous_10)
FNDA:0,(anonymous_11)
FNDA:0,(anonymous_12)
FNDA:0,(anonymous_13)
FNDA:0,(anonymous_14)
FNDA:0,(anonymous_15)
FNDA:0,(anonymous_16)
DA:9,12
DA:10,0
DA:11,0
DA:14,0
DA:15,0
DA:16,0
DA:20,0
DA:21,0
DA:25,0
DA:27,0
DA:28,0
DA:30,0
DA:31,0
DA:35,0
DA:36,0
DA:37,0
DA:39,0
DA:40,0
DA:42,0
DA:45,0
DA:46,0
DA:47,0
DA:50,0
DA:52,0
DA:53,0
DA:57,0
DA:58,0
DA:59,0
DA:62,0
DA:63,0
DA:65,0
DA:66,0
DA:68,0
DA:71,0
DA:73,0
DA:79,12
DA:80,1
DA:81,1
DA:82,1
DA:84,0
DA:91,12
DA:92,0
DA:93,0
DA:96,0
DA:97,0
DA:100,0
DA:106,0
DA:107,0
DA:110,0
DA:112,0
DA:118,12
DA:119,0
DA:120,0
DA:124,0
DA:125,0
DA:127,0
DA:132,12
DA:133,0
DA:134,0
DA:136,0
DA:137,0
DA:138,0
DA:139,0
DA:142,0
DA:143,0
DA:145,0
DA:150,12
DA:151,0
DA:152,0
DA:154,0
DA:155,0
DA:158,0
DA:171,0
DA:172,0
DA:174,0
DA:175,0
DA:176,0
DA:179,0
DA:180,0
DA:182,0
DA:183,0
DA:185,0
DA:190,12
DA:191,0
DA:192,0
DA:193,0
DA:199,0
DA:200,0
DA:202,0
DA:203,0
DA:204,0
DA:205,0
DA:206,0
DA:209,0
DA:210,0
DA:213,0
DA:221,0
DA:227,12
DA:228,0
DA:229,0
DA:230,0
DA:232,0
DA:236,12
DA:237,0
DA:238,0
DA:239,0
DA:246,0
DA:247,0
DA:248,0
DA:252,0
DA:253,0
DA:254,0
DA:257,0
DA:259,0
DA:265,12
DA:266,0
DA:269,0
DA:271,0
DA:273,0
DA:274,0
DA:277,0
DA:279,0
DA:286,0
DA:290,12
DA:291,0
DA:292,0
DA:295,0
DA:296,0
DA:300,0
DA:302,0
DA:303,0
DA:306,0
DA:308,0
DA:312,12
DA:313,0
DA:314,0
DA:317,0
DA:318,0
DA:319,0
DA:321,0
DA:322,0
DA:325,0
DA:328,0
DA:330,0
DA:331,0
DA:332,0
DA:335,0
DA:336,0
DA:337,0
DA:343,0
DA:344,0
DA:347,0
DA:349,0
DA:355,12
DA:356,0
DA:357,0
DA:358,0
DA:361,0
DA:363,0
DA:365,0
LF:160
LH:16
BRDA:15,0,0,0
BRDA:15,0,1,0
BRDA:20,1,0,0
BRDA:20,1,1,0
BRDA:25,2,0,0
BRDA:25,2,1,0
BRDA:27,3,0,0
BRDA:27,3,1,0
BRDA:30,4,0,0
BRDA:30,4,1,0
BRDA:35,5,0,0
BRDA:35,5,1,0
BRDA:45,6,0,0
BRDA:45,6,1,0
BRDA:46,7,0,0
BRDA:46,7,1,0
BRDA:52,8,0,0
BRDA:52,8,1,0
BRDA:57,9,0,0
BRDA:57,9,1,0
BRDA:58,10,0,0
BRDA:58,10,1,0
BRDA:96,11,0,0
BRDA:96,11,1,0
BRDA:96,12,0,0
BRDA:96,12,1,0
BRDA:106,13,0,0
BRDA:106,13,1,0
BRDA:124,14,0,0
BRDA:124,14,1,0
BRDA:138,15,0,0
BRDA:138,15,1,0
BRDA:154,16,0,0
BRDA:154,16,1,0
BRDA:154,17,0,0
BRDA:154,17,1,0
BRDA:172,18,0,0
BRDA:172,18,1,0
BRDA:175,19,0,0
BRDA:175,19,1,0
BRDA:202,20,0,0
BRDA:202,20,1,0
BRDA:204,21,0,0
BRDA:204,21,1,0
BRDA:253,22,0,0
BRDA:253,22,1,0
BRDA:273,23,0,0
BRDA:273,23,1,0
BRDA:295,24,0,0
BRDA:295,24,1,0
BRDA:302,25,0,0
BRDA:302,25,1,0
BRDA:302,26,0,0
BRDA:302,26,1,0
BRDA:318,27,0,0
BRDA:318,27,1,0
BRDA:318,28,0,0
BRDA:318,28,1,0
BRDA:321,29,0,0
BRDA:321,29,1,0
BRDA:322,30,0,0
BRDA:322,30,1,0
BRDA:330,31,0,0
BRDA:330,31,1,0
BRDA:336,32,0,0
BRDA:336,32,1,0
BRF:66
BRH:0
end_of_record
TN:
SF:controller\userController.js
FN:3,(anonymous_0)
FN:20,(anonymous_1)
FN:33,(anonymous_2)
FN:50,(anonymous_3)
FN:65,(anonymous_4)
FNF:5
FNH:1
FNDA:0,(anonymous_0)
FNDA:1,(anonymous_1)
FNDA:0,(anonymous_2)
FNDA:0,(anonymous_3)
FNDA:0,(anonymous_4)
DA:3,12
DA:4,0
DA:5,0
DA:6,0
DA:8,0
DA:9,0
DA:10,0
DA:12,0
DA:13,0
DA:15,0
DA:20,12
DA:21,1
DA:22,1
DA:23,1
DA:24,0
DA:26,1
DA:28,0
DA:33,12
DA:34,0
DA:35,0
DA:36,0
DA:37,0
DA:38,0
DA:40,0
DA:43,0
DA:45,0
DA:50,12
DA:51,0
DA:52,0
DA:53,0
DA:54,0
DA:55,0
DA:57,0
DA:58,0
DA:60,0
DA:65,12
DA:66,0
DA:67,0
DA:68,0
DA:70,0
DA:72,0
LF:41
LH:9
BRDA:9,0,0,0
BRDA:9,0,1,0
BRDA:23,1,0,0
BRDA:23,1,1,1
BRDA:37,2,0,0
BRDA:37,2,1,0
BRDA:54,3,0,0
BRDA:54,3,1,0
BRDA:68,4,0,0
BRDA:68,4,1,0
BRF:10
BRH:1
end_of_record
TN:
SF:jobs\recurringTransactionJob.js
FN:6,(anonymous_0)
FNF:1
FNH:0
FNDA:0,(anonymous_0)
DA:6,12
DA:7,0
DA:8,0
LF:3
LH:1
BRF:0
BRH:0
end_of_record
TN:
SF:middleware\authMiddleware.js
FN:3,(anonymous_0)
FN:12,(anonymous_1)
FN:21,(anonymous_2)
FN:21,(anonymous_3)
FN:28,(anonymous_4)
FN:43,(anonymous_5)
FNF:6
FNH:4
FNDA:13,(anonymous_0)
FNDA:13,(anonymous_1)
FNDA:216,(anonymous_2)
FNDA:4,(anonymous_3)
FNDA:0,(anonymous_4)
FNDA:0,(anonymous_5)
DA:3,12
DA:4,13
DA:6,13
DA:7,0
DA:10,13
DA:12,13
DA:13,13
DA:14,2
DA:16,11
DA:17,11
DA:21,216
DA:22,4
DA:23,0
DA:25,4
DA:28,12
DA:29,0
DA:30,0
DA:31,0
DA:34,0
DA:35,0
DA:36,0
DA:37,0
DA:39,0
DA:43,12
DA:44,0
DA:46,0
DA:47,0
DA:50,0
DA:51,0
DA:52,0
DA:54,0
DA:55,0
DA:57,0
DA:60,0
LF:34
LH:14
BRDA:6,0,0,0
BRDA:6,0,1,13
BRDA:6,1,0,13
BRDA:6,1,1,13
BRDA:13,2,0,2
BRDA:13,2,1,11
BRDA:22,3,0,0
BRDA:22,3,1,4
BRDA:30,4,0,0
BRDA:30,4,1,0
BRDA:46,5,0,0
BRDA:46,5,1,0
BRDA:54,6,0,0
BRDA:54,6,1,0
BRF:14
BRH:6
end_of_record
TN:
SF:model\NotificationModel.js
FNF:0
FNH:0
DA:3,12
LF:1
LH:1
BRF:0
BRH:0
end_of_record
TN:
SF:model\authModel.js
FN:12,(anonymous_0)
FNF:1
FNH:0
FNDA:0,(anonymous_0)
DA:4,12
DA:12,12
DA:13,0
DA:16,12
LF:4
LH:3
BRDA:16,0,0,12
BRDA:16,0,1,12
BRF:2
BRH:2
end_of_record
TN:
SF:model\budgetModel.js
FNF:0
FNH:0
DA:3,12
DA:37,12
LF:2
LH:2
BRF:0
BRH:0
end_of_record
TN:
SF:model\goalModel.js
FNF:0
FNH:0
DA:3,12
DA:14,12
LF:2
LH:2
BRF:0
BRH:0
end_of_record
TN:
SF:model\systemSettingsModel.js
FN:13,(anonymous_0)
FNF:1
FNH:0
FNDA:0,(anonymous_0)
DA:3,12
DA:15,0
DA:16,0
DA:21,12
LF:4
LH:2
BRDA:15,0,0,0
BRDA:15,0,1,0
BRF:2
BRH:0
end_of_record
TN:
SF:model\transactionModel.js
FN:11,(anonymous_0)
FN:33,(anonymous_1)
FN:54,(anonymous_2)
FN:64,(anonymous_3)
FNF:4
FNH:0
FNDA:0,(anonymous_0)
FNDA:0,(anonymous_1)
FNDA:0,(anonymous_2)
FNDA:0,(anonymous_3)
DA:4,12
DA:12,0
DA:33,12
DA:34,0
DA:35,0
DA:36,0
DA:38,0
DA:39,0
DA:43,0
DA:44,0
DA:47,0
DA:49,0
DA:54,12
DA:55,0
DA:60,0
DA:64,12
DA:65,0
DA:70,0
LF:18
LH:4
BRDA:36,0,0,0
BRDA:36,0,1,0
BRDA:38,1,0,0
BRDA:38,1,1,0
BRDA:43,2,0,0
BRDA:43,2,1,0
BRDA:60,3,0,0
BRDA:60,3,1,0
BRF:8
BRH:0
end_of_record
TN:
SF:model\userModel.js
FN:13,(anonymous_0)
FN:20,(anonymous_1)
FNF:2
FNH:0
FNDA:0,(anonymous_0)
FNDA:0,(anonymous_1)
DA:4,12
DA:13,12
DA:14,0
DA:15,0
DA:16,0
DA:20,12
DA:21,0
LF:7
LH:3
BRDA:14,0,0,0
BRDA:14,0,1,0
BRF:2
BRH:0
end_of_record
TN:
SF:routes\authRoute.js
FN:14,(anonymous_0)
FNF:1
FNH:0
FNDA:0,(anonymous_0)
DA:6,12
DA:9,12
DA:10,12
DA:11,12
DA:14,12
DA:15,0
LF:6
LH:5
BRF:0
BRH:0
end_of_record
TN:
SF:routes\budgetRoute.js
FNF:0
FNH:0
DA:13,12
DA:16,12
DA:19,12
DA:22,12
DA:25,12
DA:28,12
DA:30,12
DA:31,12
LF:8
LH:8
BRF:0
BRH:0
end_of_record
TN:
SF:routes\dashboardRoute.js
FNF:0
FNH:0
DA:5,12
DA:8,12
DA:11,12
LF:3
LH:3
BRF:0
BRH:0
end_of_record
TN:
SF:routes\goalRoute.js
FNF:0
FNH:0
DA:6,12
DA:8,12
DA:9,12
DA:10,12
DA:11,12
DA:12,12
DA:13,12
LF:7
LH:7
BRF:0
BRH:0
end_of_record
TN:
SF:routes\notificationRoute.js
FNF:0
FNH:0
DA:5,12
DA:8,12
LF:2
LH:2
BRF:0
BRH:0
end_of_record
TN:
SF:routes\reportRoute.js
FNF:0
FNH:0
DA:10,12
DA:13,12
DA:16,12
DA:19,12
DA:22,12
LF:5
LH:5
BRF:0
BRH:0
end_of_record
TN:
SF:routes\systemSettingsRoute.js
FNF:0
FNH:0
DA:5,12
DA:8,12
DA:11,12
LF:3
LH:3
BRF:0
BRH:0
end_of_record
TN:
SF:routes\transactionRoute.js
FNF:0
FNH:0
DA:18,12
DA:21,12
DA:22,12
DA:23,12
DA:24,12
DA:25,12
DA:26,12
DA:27,12
DA:28,12
DA:29,12
DA:30,12
DA:33,12
DA:36,12
LF:13
LH:13
BRF:0
BRH:0
end_of_record
TN:
SF:routes\userRoute.js
FNF:0
FNH:0
DA:5,12
DA:8,12
DA:9,12
DA:10,12
DA:11,12
DA:12,12
LF:6
LH:6
BRF:0
BRH:0
end_of_record
TN:
SF:test\setupTestDB.js
FN:6,(anonymous_0)
FN:13,(anonymous_1)
FN:20,(anonymous_2)
FNF:3
FNH:3
FNDA:10,(anonymous_0)
FNDA:12,(anonymous_1)
FNDA:10,(anonymous_2)
DA:6,10
DA:7,10
DA:8,10
DA:9,10
DA:10,10
DA:13,10
DA:14,12
DA:15,12
DA:16,54
DA:20,10
DA:21,10
DA:22,10
DA:23,10
LF:13
LH:13
BRF:0
BRH:0
end_of_record
TN:
SF:utils\currencyUtils.js
FN:7,(anonymous_0)
FNF:1
FNH:0
FNDA:0,(anonymous_0)
DA:4,12
DA:7,12
DA:8,0
DA:10,0
DA:11,0
DA:12,0
DA:14,0
DA:15,0
DA:18,0
DA:19,0
DA:21,0
LF:11
LH:2
BRDA:8,0,0,0
BRDA:8,0,1,0
BRDA:14,1,0,0
BRDA:14,1,1,0
BRF:4
BRH:0
end_of_record
TN:
SF:utils\dateUtils.js
FN:3,(anonymous_0)
FNF:1
FNH:0
FNDA:0,(anonymous_0)
DA:3,12
DA:4,0
DA:6,0
DA:8,0
DA:9,0
DA:11,0
DA:12,0
DA:14,0
DA:15,0
DA:17,0
DA:20,0
LF:11
LH:1
BRDA:6,0,0,0
BRDA:6,0,1,0
BRDA:6,0,2,0
BRDA:6,0,3,0
BRF:4
BRH:0
end_of_record
TN:
SF:utils\emailService.js
FN:4,(anonymous_0)
FN:22,(anonymous_1)
FN:37,(anonymous_2)
FNF:3
FNH:1
FNDA:1,(anonymous_0)
FNDA:0,(anonymous_1)
FNDA:0,(anonymous_2)
DA:4,12
DA:5,1
DA:13,1
DA:22,12
DA:23,0
DA:24,0
DA:25,0
DA:26,0
DA:27,0
DA:29,0
DA:30,0
DA:31,0
DA:33,0
DA:37,12
DA:38,0
DA:46,0
DA:53,0
DA:54,0
DA:55,0
DA:57,0
LF:20
LH:5
BRDA:27,0,0,0
BRDA:27,0,1,0
BRF:2
BRH:0
end_of_record
